Using pre-set license
Built from '2020.3/staging' branch; Version is '2020.3.25f1 (9b9180224418) revision 10195328'; Using compiler version '192528614'; Build Type 'Release'
OS: 'Windows 10  (10.0.19043) 64bit Core' Language: 'en' Physical Memory: 16093 MB
BatchMode: 1, IsHumanControllingUs: 0, StartBugReporterOnCrash: 0, Is64bit: 1, IsPro: 0

COMMAND LINE ARGUMENTS:
C:\Program Files\Unity\Hub\Editor\2020.3.25f1\Editor\Unity.exe
-adb2
-batchMode
-noUpm
-name
AssetImportWorker0
-projectPath
C:/Users/12672/Desktop/UNITY AS - Copy (9)
-logFile
Logs/AssetImportWorker0.log
-srvPort
56123
Successfully changed project path to: C:/Users/12672/Desktop/UNITY AS - Copy (9)
C:/Users/12672/Desktop/UNITY AS - Copy (9)
Using Asset Import Pipeline V2.
Refreshing native plugins compatible for Editor in 207.87 ms, found 2 plugins.
Preloading 0 native plugins for Editor in 0.00 ms.
Initialize engine version: 2020.3.25f1 (9b9180224418)
[Subsystems] Discovering subsystems at path C:/Program Files/Unity/Hub/Editor/2020.3.25f1/Editor/Data/Resources/UnitySubsystems
[Subsystems] Discovering subsystems at path C:/Users/12672/Desktop/UNITY AS - Copy (9)/Assets
GfxDevice: creating device client; threaded=0
Direct3D:
    Version:  Direct3D 11.0 [level 11.1]
    Renderer: Intel(R) Iris(R) Plus Graphics (ID=0x8a52)
    Vendor:   
    VRAM:     8046 MB
    Driver:   27.20.100.9510
Initialize mono
Mono path[0] = 'C:/Program Files/Unity/Hub/Editor/2020.3.25f1/Editor/Data/Managed'
Mono path[1] = 'C:/Program Files/Unity/Hub/Editor/2020.3.25f1/Editor/Data/MonoBleedingEdge/lib/mono/unityjit'
Mono config path = 'C:/Program Files/Unity/Hub/Editor/2020.3.25f1/Editor/Data/MonoBleedingEdge/etc'
Using monoOptions --debugger-agent=transport=dt_socket,embedding=1,server=y,suspend=n,address=127.0.0.1:56476
Begin MonoManager ReloadAssembly
Registering precompiled unity dll's ...
Register platform support module: C:/Program Files/Unity/Hub/Editor/2020.3.25f1/Editor/Data/PlaybackEngines/WebGLSupport/UnityEditor.WebGL.Extensions.dll
Register platform support module: C:/Program Files/Unity/Hub/Editor/2020.3.25f1/Editor/Data/PlaybackEngines/WindowsStandaloneSupport/UnityEditor.WindowsStandalone.Extensions.dll
Registered in 0.008108 seconds.
Native extension for WindowsStandalone target not found
Native extension for WebGL target not found
Refreshing native plugins compatible for Editor in 118.07 ms, found 2 plugins.
Preloading 0 native plugins for Editor in 0.00 ms.
Mono: successfully reloaded assembly
- Completed reload, in  2.194 seconds
Domain Reload Profiling:
	ReloadAssembly (2195ms)
		BeginReloadAssembly (302ms)
			ExecutionOrderSort (0ms)
			DisableScriptedObjects (0ms)
			BackupInstance (0ms)
			ReleaseScriptingObjects (0ms)
			CreateAndSetChildDomain (9ms)
		EndReloadAssembly (1555ms)
			LoadAssemblies (245ms)
			RebuildTransferFunctionScriptingTraits (0ms)
			SetupTypeCache (514ms)
			ReleaseScriptCaches (0ms)
			RebuildScriptCaches (80ms)
			SetupLoadedEditorAssemblies (634ms)
				LogAssemblyErrors (0ms)
				InitializePlatformSupportModulesInManaged (15ms)
				SetLoadedEditorAssemblies (0ms)
				RefreshPlugins (118ms)
				BeforeProcessingInitializeOnLoad (50ms)
				ProcessInitializeOnLoadAttributes (342ms)
				ProcessInitializeOnLoadMethodAttributes (107ms)
				AfterProcessingInitializeOnLoad (0ms)
				EditorAssembliesLoaded (0ms)
			ExecutionOrderSort2 (0ms)
			AwakeInstancesAfterBackupRestoration (0ms)
Platform modules already initialized, skipping
Registering precompiled user dll's ...
Registered in 0.014948 seconds.
Begin MonoManager ReloadAssembly
Native extension for WindowsStandalone target not found
Native extension for WebGL target not found
Refreshing native plugins compatible for Editor in 120.20 ms, found 2 plugins.
Preloading 0 native plugins for Editor in 0.00 ms.
Mono: successfully reloaded assembly
- Completed reload, in  4.093 seconds
Domain Reload Profiling:
	ReloadAssembly (4096ms)
		BeginReloadAssembly (414ms)
			ExecutionOrderSort (0ms)
			DisableScriptedObjects (12ms)
			BackupInstance (0ms)
			ReleaseScriptingObjects (0ms)
			CreateAndSetChildDomain (39ms)
		EndReloadAssembly (3522ms)
			LoadAssemblies (265ms)
			RebuildTransferFunctionScriptingTraits (0ms)
			SetupTypeCache (1163ms)
			ReleaseScriptCaches (1ms)
			RebuildScriptCaches (196ms)
			SetupLoadedEditorAssemblies (1399ms)
				LogAssemblyErrors (0ms)
				InitializePlatformSupportModulesInManaged (13ms)
				SetLoadedEditorAssemblies (1ms)
				RefreshPlugins (121ms)
				BeforeProcessingInitializeOnLoad (299ms)
				ProcessInitializeOnLoadAttributes (882ms)
				ProcessInitializeOnLoadMethodAttributes (58ms)
				AfterProcessingInitializeOnLoad (25ms)
				EditorAssembliesLoaded (1ms)
			ExecutionOrderSort2 (0ms)
			AwakeInstancesAfterBackupRestoration (27ms)
Platform modules already initialized, skipping
========================================================================
Worker process is ready to serve import requests
Launched and connected shader compiler UnityShaderCompiler.exe after 0.24 seconds
Refreshing native plugins compatible for Editor in 1.04 ms, found 2 plugins.
Preloading 0 native plugins for Editor in 0.00 ms.
Unloading 2000 Unused Serialized files (Serialized files now loaded: 0)
System memory in use before: 88.4 MB.
System memory in use after: 88.5 MB.

Unloading 24 unused Assets to reduce memory usage. Loaded Objects now: 2433.
Total: 8.111500 ms (FindLiveObjects: 0.339600 ms CreateObjectMapping: 0.167100 ms MarkObjects: 7.395200 ms  DeleteObjects: 0.205800 ms)

AssetImportParameters requested are different than current active one (requested -> active):
  custom:framework-win-MediaFoundation: 216162199b28c13a410421893ffa2e32 -> 
  custom:video-decoder-ogg-theora: a1e56fd34408186e4bbccfd4996cb3dc -> 
  custom:container-muxer-webm: aa71ff27fc2769a1b78a27578f13a17b -> 
  custom:container-demuxer-webm: 4f35f7cbe854078d1ac9338744f61a02 -> 
  custom:container-demuxer-ogg: 62fdf1f143b41e24485cea50d1cbac27 -> 
  custom:video-encoder-webm-vp8: eb34c28f22e8b96e1ab97ce403110664 -> 
  custom:video-decoder-webm-vp8: 9c59270c3fd7afecdb556c50c9e8de78 -> 
  custom:audio-decoder-ogg-vorbis: bf7c407c2cedff20999df2af8eb42d56 -> 
  custom:audio-encoder-webm-vorbis: bf7c407c2cedff20999df2af8eb42d56 -> 
========================================================================
Received Import Request.
  path: Assets/StarterAssets/fatihokan_idle.fbx
  artifactKey: Guid(7a483ba398e66274aad56e4b0a0bc2a3) Importer(815301076,1909f56bfc062723c751e8b465ee728b)
Start importing Assets/StarterAssets/fatihokan_idle.fbx using Guid(7a483ba398e66274aad56e4b0a0bc2a3) Importer(815301076,1909f56bfc062723c751e8b465ee728b)  -> (artifact id: 'ffff64c8ab81ef8f07ec7c10aa825a11') in 0.173138 seconds 
  Import took 0.184713 seconds .

========================================================================
Received Import Request.
  Time since last request: 4.354139 seconds.
  path: Assets/StarterAssets/fatihokan_jump.fbx
  artifactKey: Guid(fd35b18e05b69d64d8bdaa1fd1a096d0) Importer(815301076,1909f56bfc062723c751e8b465ee728b)
Start importing Assets/StarterAssets/fatihokan_jump.fbx using Guid(fd35b18e05b69d64d8bdaa1fd1a096d0) Importer(815301076,1909f56bfc062723c751e8b465ee728b)  -> (artifact id: '6727a421b12cedf11510c3cb1821b26c') in 0.043395 seconds 
  Import took 0.052298 seconds .

========================================================================
Received Import Request.
  Time since last request: 4.569795 seconds.
  path: Assets/StarterAssets/fatihokan_idle.fbx
  artifactKey: Guid(7a483ba398e66274aad56e4b0a0bc2a3) Importer(815301076,1909f56bfc062723c751e8b465ee728b)
Start importing Assets/StarterAssets/fatihokan_idle.fbx using Guid(7a483ba398e66274aad56e4b0a0bc2a3) Importer(815301076,1909f56bfc062723c751e8b465ee728b)  -> (artifact id: '2f93c866181917b3bf02fea45edce601') in 0.039056 seconds 
  Import took 0.049048 seconds .

========================================================================
Received Import Request.
  Time since last request: 15.351901 seconds.
  path: Assets/StarterAssets/fatihokan_idle.fbx
  artifactKey: Guid(7a483ba398e66274aad56e4b0a0bc2a3) Importer(815301076,1909f56bfc062723c751e8b465ee728b)
Start importing Assets/StarterAssets/fatihokan_idle.fbx using Guid(7a483ba398e66274aad56e4b0a0bc2a3) Importer(815301076,1909f56bfc062723c751e8b465ee728b)  -> (artifact id: '2c7ed0646c875e4e0dc3c37c18babef3') in 0.038317 seconds 
  Import took 0.052395 seconds .

========================================================================
Received Import Request.
  Time since last request: 15.643833 seconds.
  path: Assets/StarterAssets/fatihokan_jump.fbx
  artifactKey: Guid(fd35b18e05b69d64d8bdaa1fd1a096d0) Importer(815301076,1909f56bfc062723c751e8b465ee728b)
Start importing Assets/StarterAssets/fatihokan_jump.fbx using Guid(fd35b18e05b69d64d8bdaa1fd1a096d0) Importer(815301076,1909f56bfc062723c751e8b465ee728b)  -> (artifact id: 'cf70376734c159416f82299bf0e28dfb') in 0.031944 seconds 
  Import took 0.043413 seconds .

========================================================================
Received Import Request.
  Time since last request: 9.197474 seconds.
  path: Assets/StarterAssets/fatihokan_jump.fbx
  artifactKey: Guid(fd35b18e05b69d64d8bdaa1fd1a096d0) Importer(815301076,1909f56bfc062723c751e8b465ee728b)
Start importing Assets/StarterAssets/fatihokan_jump.fbx using Guid(fd35b18e05b69d64d8bdaa1fd1a096d0) Importer(815301076,1909f56bfc062723c751e8b465ee728b)  -> (artifact id: '8a0f12271f2cb9a102c73951d58464e8') in 0.030530 seconds 
  Import took 0.040106 seconds .

========================================================================
Received Import Request.
  Time since last request: 1.775712 seconds.
  path: Assets/StarterAssets/fatihokan_walk.fbx
  artifactKey: Guid(945f6f97d691ea44da2f900697d00df9) Importer(815301076,1909f56bfc062723c751e8b465ee728b)
Start importing Assets/StarterAssets/fatihokan_walk.fbx using Guid(945f6f97d691ea44da2f900697d00df9) Importer(815301076,1909f56bfc062723c751e8b465ee728b)  -> (artifact id: 'f065460798eecb8ef1ae45c33405fdc1') in 0.047233 seconds 
  Import took 0.061070 seconds .

========================================================================
Received Import Request.
  Time since last request: 4.817269 seconds.
  path: Assets/StarterAssets/fatihokan_walk.fbx
  artifactKey: Guid(945f6f97d691ea44da2f900697d00df9) Importer(815301076,1909f56bfc062723c751e8b465ee728b)
Start importing Assets/StarterAssets/fatihokan_walk.fbx using Guid(945f6f97d691ea44da2f900697d00df9) Importer(815301076,1909f56bfc062723c751e8b465ee728b)  -> (artifact id: '0143d0badcfa9b0dbcb67695ec42fa48') in 0.023961 seconds 
  Import took 0.035196 seconds .

========================================================================
Received Import Request.
  Time since last request: 8.000612 seconds.
  path: Assets/StarterAssets/fatihokan_walk.fbx
  artifactKey: Guid(945f6f97d691ea44da2f900697d00df9) Importer(815301076,1909f56bfc062723c751e8b465ee728b)
Start importing Assets/StarterAssets/fatihokan_walk.fbx using Guid(945f6f97d691ea44da2f900697d00df9) Importer(815301076,1909f56bfc062723c751e8b465ee728b)  -> (artifact id: 'c89fc66dc5b802921afea83af3a7c2cc') in 0.029995 seconds 
  Import took 0.040837 seconds .

========================================================================
Received Import Request.
  Time since last request: 10.836299 seconds.
  path: Assets/StarterAssets/fatihokan_walk.fbx
  artifactKey: Guid(945f6f97d691ea44da2f900697d00df9) Importer(815301076,1909f56bfc062723c751e8b465ee728b)
Start importing Assets/StarterAssets/fatihokan_walk.fbx using Guid(945f6f97d691ea44da2f900697d00df9) Importer(815301076,1909f56bfc062723c751e8b465ee728b)  -> (artifact id: '36e1f990b2e3d399aa01a9608b26e66f') in 0.028521 seconds 
  Import took 0.037901 seconds .

========================================================================
Received Import Request.
  Time since last request: 4.881854 seconds.
  path: Assets/StarterAssets/ThirdPersonController/Character/Animations/StarterAssetsThirdPerson.controller
  artifactKey: Guid(40db3173a05ae3242b1c182a09b0a183) Importer(815301076,1909f56bfc062723c751e8b465ee728b)
Start importing Assets/StarterAssets/ThirdPersonController/Character/Animations/StarterAssetsThirdPerson.controller using Guid(40db3173a05ae3242b1c182a09b0a183) Importer(815301076,1909f56bfc062723c751e8b465ee728b)  -> (artifact id: 'a2340bce4e49cf9a050b946b9e8d2675') in 0.053534 seconds 
  Import took 0.061711 seconds .

========================================================================
Received Import Request.
  Time since last request: 162.914944 seconds.
  path: Assets/StarterAssets/fatihokan_character.fbx
  artifactKey: Guid(e845eee72c5f3b14f9ebf8699215814b) Importer(815301076,1909f56bfc062723c751e8b465ee728b)
Start importing Assets/StarterAssets/fatihokan_character.fbx using Guid(e845eee72c5f3b14f9ebf8699215814b) Importer(815301076,1909f56bfc062723c751e8b465ee728b)  -> (artifact id: '5d2725fd3039ee06745eb0afb7357b5d') in 0.987284 seconds 
  Import took 0.993739 seconds .

========================================================================
Received Import Request.
  Time since last request: 3.077392 seconds.
  path: Assets/StarterAssets/fatihokan_character.fbx
  artifactKey: Guid(e845eee72c5f3b14f9ebf8699215814b) Importer(815301076,1909f56bfc062723c751e8b465ee728b)
Start importing Assets/StarterAssets/fatihokan_character.fbx using Guid(e845eee72c5f3b14f9ebf8699215814b) Importer(815301076,1909f56bfc062723c751e8b465ee728b)  -> (artifact id: '9573a5027cd88aacecc69950ebed5717') in 0.147307 seconds 
  Import took 0.157452 seconds .

========================================================================
Received Import Request.
  Time since last request: 18.017798 seconds.
  path: Assets/StarterAssets/fatihokan_character.fbx
  artifactKey: Guid(e845eee72c5f3b14f9ebf8699215814b) Importer(815301076,1909f56bfc062723c751e8b465ee728b)
Start importing Assets/StarterAssets/fatihokan_character.fbx using Guid(e845eee72c5f3b14f9ebf8699215814b) Importer(815301076,1909f56bfc062723c751e8b465ee728b)  -> (artifact id: 'ed2fe350fd071e932ba035d760f05b74') in 0.145068 seconds 
  Import took 0.160748 seconds .

========================================================================
Received Prepare
Registering precompiled user dll's ...
Registered in 0.007944 seconds.
Begin MonoManager ReloadAssembly
Native extension for WindowsStandalone target not found
Native extension for WebGL target not found
Refreshing native plugins compatible for Editor in 1.56 ms, found 2 plugins.
Preloading 0 native plugins for Editor in 0.00 ms.
Mono: successfully reloaded assembly
- Completed reload, in  3.345 seconds
Domain Reload Profiling:
	ReloadAssembly (3347ms)
		BeginReloadAssembly (364ms)
			ExecutionOrderSort (0ms)
			DisableScriptedObjects (12ms)
			BackupInstance (0ms)
			ReleaseScriptingObjects (0ms)
			CreateAndSetChildDomain (103ms)
		EndReloadAssembly (2780ms)
			LoadAssemblies (302ms)
			RebuildTransferFunctionScriptingTraits (0ms)
			SetupTypeCache (921ms)
			ReleaseScriptCaches (3ms)
			RebuildScriptCaches (129ms)
			SetupLoadedEditorAssemblies (1128ms)
				LogAssemblyErrors (0ms)
				InitializePlatformSupportModulesInManaged (16ms)
				SetLoadedEditorAssemblies (2ms)
				RefreshPlugins (2ms)
				BeforeProcessingInitializeOnLoad (191ms)
				ProcessInitializeOnLoadAttributes (857ms)
				ProcessInitializeOnLoadMethodAttributes (37ms)
				AfterProcessingInitializeOnLoad (23ms)
				EditorAssembliesLoaded (1ms)
			ExecutionOrderSort2 (0ms)
			AwakeInstancesAfterBackupRestoration (23ms)
Platform modules already initialized, skipping
Refreshing native plugins compatible for Editor in 1.15 ms, found 2 plugins.
Preloading 0 native plugins for Editor in 0.00 ms.
Unloading 1990 Unused Serialized files (Serialized files now loaded: 0)
System memory in use before: 105.4 MB.
System memory in use after: 105.5 MB.

Unloading 17 unused Assets to reduce memory usage. Loaded Objects now: 2480.
Total: 7.113700 ms (FindLiveObjects: 0.293700 ms CreateObjectMapping: 0.143400 ms MarkObjects: 6.633700 ms  DeleteObjects: 0.040400 ms)

AssetImportParameters requested are different than current active one (requested -> active):
  custom:framework-win-MediaFoundation: 216162199b28c13a410421893ffa2e32 -> 
  custom:video-decoder-ogg-theora: a1e56fd34408186e4bbccfd4996cb3dc -> 
  custom:container-muxer-webm: aa71ff27fc2769a1b78a27578f13a17b -> 
  custom:container-demuxer-webm: 4f35f7cbe854078d1ac9338744f61a02 -> 
  custom:container-demuxer-ogg: 62fdf1f143b41e24485cea50d1cbac27 -> 
  custom:video-encoder-webm-vp8: eb34c28f22e8b96e1ab97ce403110664 -> 
  custom:video-decoder-webm-vp8: 9c59270c3fd7afecdb556c50c9e8de78 -> 
  custom:audio-decoder-ogg-vorbis: bf7c407c2cedff20999df2af8eb42d56 -> 
  custom:audio-encoder-webm-vorbis: bf7c407c2cedff20999df2af8eb42d56 -> 
========================================================================
Received Import Request.
  Time since last request: 27.165695 seconds.
  path: Assets/StarterAssets/fatihokan_character.fbx
  artifactKey: Guid(e845eee72c5f3b14f9ebf8699215814b) Importer(815301076,1909f56bfc062723c751e8b465ee728b)
Start importing Assets/StarterAssets/fatihokan_character.fbx using Guid(e845eee72c5f3b14f9ebf8699215814b) Importer(815301076,1909f56bfc062723c751e8b465ee728b)  -> (artifact id: 'c00b740370660f685ffc138a235a62be') in 0.443284 seconds 
  Import took 0.453629 seconds .

========================================================================
Received Import Request.
  Time since last request: 42.868296 seconds.
  path: Assets/StarterAssets/ThirdPersonController/Character/Animations/Locomotion--Walk_N.anim.fbx
  artifactKey: Guid(8269a9f8cf495034c817722ac21f309f) Importer(815301076,1909f56bfc062723c751e8b465ee728b)
Start importing Assets/StarterAssets/ThirdPersonController/Character/Animations/Locomotion--Walk_N.anim.fbx using Guid(8269a9f8cf495034c817722ac21f309f) Importer(815301076,1909f56bfc062723c751e8b465ee728b)  -> (artifact id: '1fbbe1cee27d9c4c3b57a92f788a492c') in 0.027941 seconds 
  Import took 0.036600 seconds .

========================================================================
Received Import Request.
  Time since last request: 11.442540 seconds.
  path: Assets/StarterAssets/ThirdPersonController/Character/Animations/Jump--Jump.anim.fbx
  artifactKey: Guid(98f277b0c8055e143b2fcf058d3c27dc) Importer(815301076,1909f56bfc062723c751e8b465ee728b)
Start importing Assets/StarterAssets/ThirdPersonController/Character/Animations/Jump--Jump.anim.fbx using Guid(98f277b0c8055e143b2fcf058d3c27dc) Importer(815301076,1909f56bfc062723c751e8b465ee728b)  -> (artifact id: '97617c1472b68512678ce3ba530db2e1') in 0.027721 seconds 
  Import took 0.034694 seconds .

========================================================================
Received Prepare
Registering precompiled user dll's ...
Registered in 0.018659 seconds.
Begin MonoManager ReloadAssembly
Native extension for WindowsStandalone target not found
Native extension for WebGL target not found
Refreshing native plugins compatible for Editor in 3.61 ms, found 2 plugins.
Preloading 0 native plugins for Editor in 0.00 ms.
Mono: successfully reloaded assembly
- Completed reload, in  5.931 seconds
Domain Reload Profiling:
	ReloadAssembly (5934ms)
		BeginReloadAssembly (479ms)
			ExecutionOrderSort (0ms)
			DisableScriptedObjects (11ms)
			BackupInstance (0ms)
			ReleaseScriptingObjects (0ms)
			CreateAndSetChildDomain (138ms)
		EndReloadAssembly (4948ms)
			LoadAssemblies (443ms)
			RebuildTransferFunctionScriptingTraits (0ms)
			SetupTypeCache (1500ms)
			ReleaseScriptCaches (2ms)
			RebuildScriptCaches (241ms)
			SetupLoadedEditorAssemblies (2124ms)
				LogAssemblyErrors (0ms)
				InitializePlatformSupportModulesInManaged (22ms)
				SetLoadedEditorAssemblies (1ms)
				RefreshPlugins (5ms)
				BeforeProcessingInitializeOnLoad (424ms)
				ProcessInitializeOnLoadAttributes (1553ms)
				ProcessInitializeOnLoadMethodAttributes (72ms)
				AfterProcessingInitializeOnLoad (46ms)
				EditorAssembliesLoaded (1ms)
			ExecutionOrderSort2 (0ms)
			AwakeInstancesAfterBackupRestoration (49ms)
Platform modules already initialized, skipping
Refreshing native plugins compatible for Editor in 2.73 ms, found 2 plugins.
Preloading 0 native plugins for Editor in 0.00 ms.
Unloading 1990 Unused Serialized files (Serialized files now loaded: 0)
System memory in use before: 105.5 MB.
System memory in use after: 105.6 MB.

Unloading 17 unused Assets to reduce memory usage. Loaded Objects now: 2483.
Total: 14.116000 ms (FindLiveObjects: 0.415700 ms CreateObjectMapping: 0.264900 ms MarkObjects: 13.340700 ms  DeleteObjects: 0.090500 ms)

AssetImportParameters requested are different than current active one (requested -> active):
  custom:framework-win-MediaFoundation: 216162199b28c13a410421893ffa2e32 -> 
  custom:video-decoder-ogg-theora: a1e56fd34408186e4bbccfd4996cb3dc -> 
  custom:container-muxer-webm: aa71ff27fc2769a1b78a27578f13a17b -> 
  custom:container-demuxer-webm: 4f35f7cbe854078d1ac9338744f61a02 -> 
  custom:container-demuxer-ogg: 62fdf1f143b41e24485cea50d1cbac27 -> 
  custom:video-encoder-webm-vp8: eb34c28f22e8b96e1ab97ce403110664 -> 
  custom:video-decoder-webm-vp8: 9c59270c3fd7afecdb556c50c9e8de78 -> 
  custom:audio-decoder-ogg-vorbis: bf7c407c2cedff20999df2af8eb42d56 -> 
  custom:audio-encoder-webm-vorbis: bf7c407c2cedff20999df2af8eb42d56 -> 
========================================================================
Received Prepare
Registering precompiled user dll's ...
Registered in 0.018066 seconds.
Begin MonoManager ReloadAssembly
Native extension for WindowsStandalone target not found
Native extension for WebGL target not found
Refreshing native plugins compatible for Editor in 0.63 ms, found 2 plugins.
Preloading 0 native plugins for Editor in 0.00 ms.
Mono: successfully reloaded assembly
- Completed reload, in  3.301 seconds
Domain Reload Profiling:
	ReloadAssembly (3302ms)
		BeginReloadAssembly (336ms)
			ExecutionOrderSort (0ms)
			DisableScriptedObjects (18ms)
			BackupInstance (0ms)
			ReleaseScriptingObjects (0ms)
			CreateAndSetChildDomain (96ms)
		EndReloadAssembly (2639ms)
			LoadAssemblies (312ms)
			RebuildTransferFunctionScriptingTraits (0ms)
			SetupTypeCache (982ms)
			ReleaseScriptCaches (2ms)
			RebuildScriptCaches (143ms)
			SetupLoadedEditorAssemblies (883ms)
				LogAssemblyErrors (0ms)
				InitializePlatformSupportModulesInManaged (19ms)
				SetLoadedEditorAssemblies (1ms)
				RefreshPlugins (1ms)
				BeforeProcessingInitializeOnLoad (225ms)
				ProcessInitializeOnLoadAttributes (587ms)
				ProcessInitializeOnLoadMethodAttributes (29ms)
				AfterProcessingInitializeOnLoad (20ms)
				EditorAssembliesLoaded (1ms)
			ExecutionOrderSort2 (0ms)
			AwakeInstancesAfterBackupRestoration (15ms)
Platform modules already initialized, skipping
Refreshing native plugins compatible for Editor in 0.96 ms, found 2 plugins.
Preloading 0 native plugins for Editor in 0.00 ms.
Unloading 1992 Unused Serialized files (Serialized files now loaded: 0)
System memory in use before: 105.7 MB.
System memory in use after: 105.9 MB.

Unloading 17 unused Assets to reduce memory usage. Loaded Objects now: 2487.
Total: 6.915900 ms (FindLiveObjects: 0.315700 ms CreateObjectMapping: 0.198100 ms MarkObjects: 6.346800 ms  DeleteObjects: 0.047000 ms)

AssetImportParameters requested are different than current active one (requested -> active):
  custom:framework-win-MediaFoundation: 216162199b28c13a410421893ffa2e32 -> 
  custom:video-decoder-ogg-theora: a1e56fd34408186e4bbccfd4996cb3dc -> 
  custom:container-muxer-webm: aa71ff27fc2769a1b78a27578f13a17b -> 
  custom:container-demuxer-webm: 4f35f7cbe854078d1ac9338744f61a02 -> 
  custom:container-demuxer-ogg: 62fdf1f143b41e24485cea50d1cbac27 -> 
  custom:video-encoder-webm-vp8: eb34c28f22e8b96e1ab97ce403110664 -> 
  custom:video-decoder-webm-vp8: 9c59270c3fd7afecdb556c50c9e8de78 -> 
  custom:audio-decoder-ogg-vorbis: bf7c407c2cedff20999df2af8eb42d56 -> 
  custom:audio-encoder-webm-vorbis: bf7c407c2cedff20999df2af8eb42d56 -> 
========================================================================
Received Import Request.
  Time since last request: 332.858082 seconds.
  path: Assets/ScifiOfficeLite/Prefabs/Drawers
  artifactKey: Guid(87cbe5d7953095e42bfee2a1411c100f) Importer(815301076,1909f56bfc062723c751e8b465ee728b)
Start importing Assets/ScifiOfficeLite/Prefabs/Drawers using Guid(87cbe5d7953095e42bfee2a1411c100f) Importer(815301076,1909f56bfc062723c751e8b465ee728b)  -> (artifact id: '79ea27fa91607508af2d95ae44a90a91') in 0.019849 seconds 
  Import took 0.027742 seconds .

========================================================================
Received Prepare
Registering precompiled user dll's ...
Registered in 0.014705 seconds.
Begin MonoManager ReloadAssembly
Native extension for WindowsStandalone target not found
Native extension for WebGL target not found
Refreshing native plugins compatible for Editor in 0.67 ms, found 2 plugins.
Preloading 0 native plugins for Editor in 0.00 ms.
Mono: successfully reloaded assembly
- Completed reload, in  2.308 seconds
Domain Reload Profiling:
	ReloadAssembly (2310ms)
		BeginReloadAssembly (391ms)
			ExecutionOrderSort (0ms)
			DisableScriptedObjects (14ms)
			BackupInstance (0ms)
			ReleaseScriptingObjects (0ms)
			CreateAndSetChildDomain (110ms)
		EndReloadAssembly (1727ms)
			LoadAssemblies (305ms)
			RebuildTransferFunctionScriptingTraits (0ms)
			SetupTypeCache (545ms)
			ReleaseScriptCaches (2ms)
			RebuildScriptCaches (72ms)
			SetupLoadedEditorAssemblies (725ms)
				LogAssemblyErrors (0ms)
				InitializePlatformSupportModulesInManaged (10ms)
				SetLoadedEditorAssemblies (1ms)
				RefreshPlugins (1ms)
				BeforeProcessingInitializeOnLoad (147ms)
				ProcessInitializeOnLoadAttributes (516ms)
				ProcessInitializeOnLoadMethodAttributes (28ms)
				AfterProcessingInitializeOnLoad (22ms)
				EditorAssembliesLoaded (1ms)
			ExecutionOrderSort2 (0ms)
			AwakeInstancesAfterBackupRestoration (10ms)
Platform modules already initialized, skipping
Refreshing native plugins compatible for Editor in 0.72 ms, found 2 plugins.
Preloading 0 native plugins for Editor in 0.00 ms.
Unloading 1992 Unused Serialized files (Serialized files now loaded: 0)
System memory in use before: 105.8 MB.
System memory in use after: 105.9 MB.

Unloading 17 unused Assets to reduce memory usage. Loaded Objects now: 2489.
Total: 6.599500 ms (FindLiveObjects: 0.443900 ms CreateObjectMapping: 0.244200 ms MarkObjects: 5.869300 ms  DeleteObjects: 0.039600 ms)

AssetImportParameters requested are different than current active one (requested -> active):
  custom:framework-win-MediaFoundation: 216162199b28c13a410421893ffa2e32 -> 
  custom:video-decoder-ogg-theora: a1e56fd34408186e4bbccfd4996cb3dc -> 
  custom:container-muxer-webm: aa71ff27fc2769a1b78a27578f13a17b -> 
  custom:container-demuxer-webm: 4f35f7cbe854078d1ac9338744f61a02 -> 
  custom:container-demuxer-ogg: 62fdf1f143b41e24485cea50d1cbac27 -> 
  custom:video-encoder-webm-vp8: eb34c28f22e8b96e1ab97ce403110664 -> 
  custom:video-decoder-webm-vp8: 9c59270c3fd7afecdb556c50c9e8de78 -> 
  custom:audio-decoder-ogg-vorbis: bf7c407c2cedff20999df2af8eb42d56 -> 
  custom:audio-encoder-webm-vorbis: bf7c407c2cedff20999df2af8eb42d56 -> 
========================================================================
Received Import Request.
  Time since last request: 652.955256 seconds.
  path: Assets/ScifiOfficeLite/Meshes/Materials/Table Texture Set/Table Texture Set 2.mat
  artifactKey: Guid(691db30be31e7d44da5091dff90a19fc) Importer(815301076,1909f56bfc062723c751e8b465ee728b)
Start importing Assets/ScifiOfficeLite/Meshes/Materials/Table Texture Set/Table Texture Set 2.mat using Guid(691db30be31e7d44da5091dff90a19fc) Importer(815301076,1909f56bfc062723c751e8b465ee728b)  -> (artifact id: '45c980777f5267f158e292ef2611f331') in 0.381396 seconds 
  Import took 0.387712 seconds .

========================================================================
Received Import Request.
  Time since last request: 0.000478 seconds.
  path: Assets/ScifiOfficeLite/Meshes/Walls/Wall 2 Half.FBX
  artifactKey: Guid(2506e085753a9db4fbe8479c1d42a7c5) Importer(815301076,1909f56bfc062723c751e8b465ee728b)
Start importing Assets/ScifiOfficeLite/Meshes/Walls/Wall 2 Half.FBX using Guid(2506e085753a9db4fbe8479c1d42a7c5) Importer(815301076,1909f56bfc062723c751e8b465ee728b)  -> (artifact id: '30f5c4a5b05c6cfcaaeaddf5ec685bca') in 0.581910 seconds 
  Import took 0.593786 seconds .

========================================================================
Received Import Request.
  Time since last request: 0.000431 seconds.
  path: Assets/StarterAssets/ThirdPersonController/Character/Materials/Built-in_RP/M_ArmatureColor_Body.mat
  artifactKey: Guid(9564d3bbc73fcb64792156cb4e2758a4) Importer(815301076,1909f56bfc062723c751e8b465ee728b)
Start importing Assets/StarterAssets/ThirdPersonController/Character/Materials/Built-in_RP/M_ArmatureColor_Body.mat using Guid(9564d3bbc73fcb64792156cb4e2758a4) Importer(815301076,1909f56bfc062723c751e8b465ee728b)  -> (artifact id: '17eaa753b24942525125e66c576b4062') in 0.630837 seconds 
  Import took 0.637825 seconds .

========================================================================
Received Import Request.
  Time since last request: 0.000360 seconds.
  path: Assets/ScifiOfficeLite/Meshes/Materials/Table Texture Set/Table Texture Set 1.mat
  artifactKey: Guid(0c0054d31d795964680d627bcf2e3097) Importer(815301076,1909f56bfc062723c751e8b465ee728b)
Start importing Assets/ScifiOfficeLite/Meshes/Materials/Table Texture Set/Table Texture Set 1.mat using Guid(0c0054d31d795964680d627bcf2e3097) Importer(815301076,1909f56bfc062723c751e8b465ee728b)  -> (artifact id: '94ad45aec6337387770fc0963f174b25') in 0.090313 seconds 
  Import took 0.099651 seconds .

========================================================================
Received Import Request.
  Time since last request: 0.000545 seconds.
  path: Assets/ScifiOfficeLite/Meshes/Office Interior/Tables/Table Set 1.FBX
  artifactKey: Guid(4d7a1f2d72196e24bb9a9eefb40859c3) Importer(815301076,1909f56bfc062723c751e8b465ee728b)
Start importing Assets/ScifiOfficeLite/Meshes/Office Interior/Tables/Table Set 1.FBX using Guid(4d7a1f2d72196e24bb9a9eefb40859c3) Importer(815301076,1909f56bfc062723c751e8b465ee728b)  -> (artifact id: '9ec0b287a0d58ff6182e13cb03adee1a') in 1.038888 seconds 
  Import took 1.046366 seconds .

========================================================================
Received Import Request.
  Time since last request: 0.000547 seconds.
  path: Assets/StarterAssets/ThirdPersonController/Character/Materials/M_Armature_Body.mat
  artifactKey: Guid(43714b68324cc2c409d534d9874f2a2b) Importer(815301076,1909f56bfc062723c751e8b465ee728b)
Start importing Assets/StarterAssets/ThirdPersonController/Character/Materials/M_Armature_Body.mat using Guid(43714b68324cc2c409d534d9874f2a2b) Importer(815301076,1909f56bfc062723c751e8b465ee728b)  -> (artifact id: 'cad158102e7516dad6b57c045d7fa1f6') in 0.170224 seconds 
  Import took 0.184393 seconds .

========================================================================
Received Import Request.
  Time since last request: 0.000575 seconds.
  path: Assets/ScifiOfficeLite/Meshes/Office Interior/Tv/Tv 32 Inch.FBX
  artifactKey: Guid(11493361a00a45c4cb8edc10de4df39c) Importer(815301076,1909f56bfc062723c751e8b465ee728b)
Start importing Assets/ScifiOfficeLite/Meshes/Office Interior/Tv/Tv 32 Inch.FBX using Guid(11493361a00a45c4cb8edc10de4df39c) Importer(815301076,1909f56bfc062723c751e8b465ee728b)  -> (artifact id: '7c32fd3d8f9f68ea1cb4e76fb946f100') in 0.623086 seconds 
  Import took 0.634619 seconds .

========================================================================
Received Import Request.
  Time since last request: 0.000388 seconds.
  path: Assets/ScifiOfficeLite/Meshes/Office Interior/Computers/PC 2.FBX
  artifactKey: Guid(7cae167e6c922de40938c7beea74be68) Importer(815301076,1909f56bfc062723c751e8b465ee728b)
Start importing Assets/ScifiOfficeLite/Meshes/Office Interior/Computers/PC 2.FBX using Guid(7cae167e6c922de40938c7beea74be68) Importer(815301076,1909f56bfc062723c751e8b465ee728b)  -> (artifact id: '8c34d2c15ebf28a6bcc5c6e1017e9d45') in 0.097199 seconds 
  Import took 0.106073 seconds .

========================================================================
Received Import Request.
  Time since last request: 0.000604 seconds.
  path: Assets/ScifiOfficeLite/Meshes/Walls/Wall With Windows Set 10.FBX
  artifactKey: Guid(079bbfeb36213f14dbeb94410d3f7377) Importer(815301076,1909f56bfc062723c751e8b465ee728b)
Start importing Assets/ScifiOfficeLite/Meshes/Walls/Wall With Windows Set 10.FBX using Guid(079bbfeb36213f14dbeb94410d3f7377) Importer(815301076,1909f56bfc062723c751e8b465ee728b)  -> (artifact id: '6918bafd90ea06f6938563ad3823e7f7') in 0.363699 seconds 
  Import took 0.373323 seconds .

========================================================================
Received Import Request.
  Time since last request: 0.000571 seconds.
  path: Assets/ScifiOfficeLite/Meshes/Walls/Wall Pillar 1.FBX
  artifactKey: Guid(7f3f723d286592a41b8ff4a9a618917a) Importer(815301076,1909f56bfc062723c751e8b465ee728b)
Start importing Assets/ScifiOfficeLite/Meshes/Walls/Wall Pillar 1.FBX using Guid(7f3f723d286592a41b8ff4a9a618917a) Importer(815301076,1909f56bfc062723c751e8b465ee728b)  -> (artifact id: 'ad8260b3373c7fc9b26cace8c1be6074') in 0.140328 seconds 
  Import took 0.148530 seconds .

========================================================================
Received Import Request.
  Time since last request: 0.000568 seconds.
  path: Assets/ScifiOfficeLite/Meshes/Walls/Wall 2.FBX
  artifactKey: Guid(b30484f622ab5774f98c23785e2be964) Importer(815301076,1909f56bfc062723c751e8b465ee728b)
Start importing Assets/ScifiOfficeLite/Meshes/Walls/Wall 2.FBX using Guid(b30484f622ab5774f98c23785e2be964) Importer(815301076,1909f56bfc062723c751e8b465ee728b)  -> (artifact id: 'e912190dba00674931a98b0b2d574bfa') in 0.188564 seconds 
  Import took 0.198939 seconds .

========================================================================
Received Import Request.
  Time since last request: 0.000474 seconds.
  path: Assets/ScifiOfficeLite/Meshes/Materials/Table Texture Set/Table Texture Set 5.mat
  artifactKey: Guid(43c6c333495c322469f9cf093afac0d9) Importer(815301076,1909f56bfc062723c751e8b465ee728b)
Start importing Assets/ScifiOfficeLite/Meshes/Materials/Table Texture Set/Table Texture Set 5.mat using Guid(43c6c333495c322469f9cf093afac0d9) Importer(815301076,1909f56bfc062723c751e8b465ee728b)  -> (artifact id: 'f81d5babb805d1186d6a9b41fa2cbc57') in 0.059367 seconds 
  Import took 0.069199 seconds .

========================================================================
Received Import Request.
  Time since last request: 0.000369 seconds.
  path: Assets/ScifiOfficeLite/Meshes/Walls/Wall Top Piece 1.FBX
  artifactKey: Guid(4873fc9788a58944891c70586f2a565b) Importer(815301076,1909f56bfc062723c751e8b465ee728b)
Start importing Assets/ScifiOfficeLite/Meshes/Walls/Wall Top Piece 1.FBX using Guid(4873fc9788a58944891c70586f2a565b) Importer(815301076,1909f56bfc062723c751e8b465ee728b)  -> (artifact id: 'fb9031e23977c6522f0a271a03639064') in 0.198414 seconds 
  Import took 0.212666 seconds .

========================================================================
Received Import Request.
  Time since last request: 0.000692 seconds.
  path: Assets/ScifiOfficeLite/Meshes/Walls/Wall 4.FBX
  artifactKey: Guid(01e56f6e47b405e4689821759816baf0) Importer(815301076,1909f56bfc062723c751e8b465ee728b)
Start importing Assets/ScifiOfficeLite/Meshes/Walls/Wall 4.FBX using Guid(01e56f6e47b405e4689821759816baf0) Importer(815301076,1909f56bfc062723c751e8b465ee728b)  -> (artifact id: '99305164b4c8e520d6193acbc962a8d6') in 0.142115 seconds 
  Import took 0.153453 seconds .

========================================================================
Received Import Request.
  Time since last request: 0.000374 seconds.
  path: Assets/StarterAssets/ThirdPersonController/Character/Materials/M_Armature_Legs.mat
  artifactKey: Guid(8b25e99361ac31d4e9ae83c46aee69ea) Importer(815301076,1909f56bfc062723c751e8b465ee728b)
Start importing Assets/StarterAssets/ThirdPersonController/Character/Materials/M_Armature_Legs.mat using Guid(8b25e99361ac31d4e9ae83c46aee69ea) Importer(815301076,1909f56bfc062723c751e8b465ee728b)  -> (artifact id: 'd4cfbe49cd2cf712635d082f602f1121') in 0.062965 seconds 
  Import took 0.072213 seconds .

========================================================================
Received Import Request.
  Time since last request: 0.000413 seconds.
  path: Assets/ScifiOfficeLite/Meshes/Materials/Techware/Techware.mat
  artifactKey: Guid(5666f87358c9a75449f82ea12d7deef4) Importer(815301076,1909f56bfc062723c751e8b465ee728b)
Start importing Assets/ScifiOfficeLite/Meshes/Materials/Techware/Techware.mat using Guid(5666f87358c9a75449f82ea12d7deef4) Importer(815301076,1909f56bfc062723c751e8b465ee728b)  -> (artifact id: 'ffff424656cb11459d028da479734c8c') in 0.057014 seconds 
  Import took 0.065287 seconds .

========================================================================
Received Import Request.
  Time since last request: 0.000582 seconds.
  path: Assets/ScifiOfficeLite/Meshes/Materials/Walls/Wall Set 2.mat
  artifactKey: Guid(d5cc09dab19ed284995c560c17d04f6d) Importer(815301076,1909f56bfc062723c751e8b465ee728b)
Start importing Assets/ScifiOfficeLite/Meshes/Materials/Walls/Wall Set 2.mat using Guid(d5cc09dab19ed284995c560c17d04f6d) Importer(815301076,1909f56bfc062723c751e8b465ee728b)  -> (artifact id: '0d60ac93e5daa8d40edd7fcbd61bd4a4') in 0.816558 seconds 
  Import took 0.826698 seconds .

========================================================================
Received Import Request.
  Time since last request: 0.000393 seconds.
  path: Assets/StarterAssets/Environment/Art/Models/Box_350x250x200_Mesh.fbx
  artifactKey: Guid(c6a55ba99e9e99d41b7eef123e311a43) Importer(815301076,1909f56bfc062723c751e8b465ee728b)
Start importing Assets/StarterAssets/Environment/Art/Models/Box_350x250x200_Mesh.fbx using Guid(c6a55ba99e9e99d41b7eef123e311a43) Importer(815301076,1909f56bfc062723c751e8b465ee728b)  -> (artifact id: '97fdcef659932f0037483476e4a84857') in 0.098994 seconds 
  Import took 0.104791 seconds .

========================================================================
Received Import Request.
  Time since last request: 0.000463 seconds.
  path: Assets/ScifiOfficeLite/Meshes/Materials/Table Texture Set/Table Texture Set 4.mat
  artifactKey: Guid(8be3d03ce8e7a7046b29f01d73791831) Importer(815301076,1909f56bfc062723c751e8b465ee728b)
Start importing Assets/ScifiOfficeLite/Meshes/Materials/Table Texture Set/Table Texture Set 4.mat using Guid(8be3d03ce8e7a7046b29f01d73791831) Importer(815301076,1909f56bfc062723c751e8b465ee728b)  -> (artifact id: '3a0dcd9456ec467bf4331ab471e32da9') in 0.061648 seconds 
  Import took 0.069793 seconds .

========================================================================
Received Import Request.
  Time since last request: 0.000571 seconds.
  path: Assets/StarterAssets/ThirdPersonController/Character/Materials/M_Armature_Arms.mat
  artifactKey: Guid(766fd3ff04aab4745a764d33daac86fa) Importer(815301076,1909f56bfc062723c751e8b465ee728b)
Start importing Assets/StarterAssets/ThirdPersonController/Character/Materials/M_Armature_Arms.mat using Guid(766fd3ff04aab4745a764d33daac86fa) Importer(815301076,1909f56bfc062723c751e8b465ee728b)  -> (artifact id: 'f55ea359bb5b88896eaf9cb5a9864993') in 0.084598 seconds 
  Import took 0.097195 seconds .

========================================================================
Received Import Request.
  Time since last request: 0.000616 seconds.
  path: Assets/ScifiOfficeLite/Meshes/Materials/Table Texture Set/Table Texture Set 1 V2.mat
  artifactKey: Guid(20051cf3f6527f645bea688f325d30dc) Importer(815301076,1909f56bfc062723c751e8b465ee728b)
Start importing Assets/ScifiOfficeLite/Meshes/Materials/Table Texture Set/Table Texture Set 1 V2.mat using Guid(20051cf3f6527f645bea688f325d30dc) Importer(815301076,1909f56bfc062723c751e8b465ee728b)  -> (artifact id: '02ad0485459257f20372b8c55edd7b29') in 0.059753 seconds 
  Import took 0.069758 seconds .

========================================================================
Received Import Request.
  Time since last request: 0.000480 seconds.
  path: Assets/ScifiOfficeLite/Meshes/Walls/Wall Pillar 3.FBX
  artifactKey: Guid(4d5d0a66e903ea14e8c955eb7d88c2dc) Importer(815301076,1909f56bfc062723c751e8b465ee728b)
Start importing Assets/ScifiOfficeLite/Meshes/Walls/Wall Pillar 3.FBX using Guid(4d5d0a66e903ea14e8c955eb7d88c2dc) Importer(815301076,1909f56bfc062723c751e8b465ee728b)  -> (artifact id: '59e211fc4196d5e303a3528e12b0fef6') in 0.140229 seconds 
  Import took 0.152750 seconds .

========================================================================
Received Import Request.
  Time since last request: 0.000555 seconds.
  path: Assets/ScifiOfficeLite/Meshes/Materials/Walls/Wall Set 2 Glass.mat
  artifactKey: Guid(cf9108e24a9e64f4c808b61db1329145) Importer(815301076,1909f56bfc062723c751e8b465ee728b)
Start importing Assets/ScifiOfficeLite/Meshes/Materials/Walls/Wall Set 2 Glass.mat using Guid(cf9108e24a9e64f4c808b61db1329145) Importer(815301076,1909f56bfc062723c751e8b465ee728b)  -> (artifact id: '111d148fc3914bb71916df4d01cfcbc8') in 0.957436 seconds 
  Import took 0.977058 seconds .

========================================================================
Received Import Request.
  Time since last request: 0.000497 seconds.
  path: Assets/StarterAssets/ThirdPersonController/Character/Materials/Built-in_RP/M_ArmatureColor_Legs.mat
  artifactKey: Guid(3ffbe936d08df274e97d160a90856750) Importer(815301076,1909f56bfc062723c751e8b465ee728b)
Start importing Assets/StarterAssets/ThirdPersonController/Character/Materials/Built-in_RP/M_ArmatureColor_Legs.mat using Guid(3ffbe936d08df274e97d160a90856750) Importer(815301076,1909f56bfc062723c751e8b465ee728b)  -> (artifact id: '5d466eeedada362a52d9946e0ef8cfd3') in 0.092319 seconds 
  Import took 0.105257 seconds .

========================================================================
Received Import Request.
  Time since last request: 0.000527 seconds.
  path: Assets/ScifiOfficeLite/Meshes/Materials/Table Texture Set/Shelf.mat
  artifactKey: Guid(5b7f23233a988d04a9e57a1c1bfbacbb) Importer(815301076,1909f56bfc062723c751e8b465ee728b)
Start importing Assets/ScifiOfficeLite/Meshes/Materials/Table Texture Set/Shelf.mat using Guid(5b7f23233a988d04a9e57a1c1bfbacbb) Importer(815301076,1909f56bfc062723c751e8b465ee728b)  -> (artifact id: 'c25e05374a178525497cf472c048cf1e') in 0.057169 seconds 
  Import took 0.066259 seconds .

========================================================================
Received Import Request.
  Time since last request: 0.000531 seconds.
  path: Assets/ScifiOfficeLite/Meshes/Materials/Walls/Wall Set 1 T1.mat
  artifactKey: Guid(f88206340a69fea4eb7337be27aa7c42) Importer(815301076,1909f56bfc062723c751e8b465ee728b)
Start importing Assets/ScifiOfficeLite/Meshes/Materials/Walls/Wall Set 1 T1.mat using Guid(f88206340a69fea4eb7337be27aa7c42) Importer(815301076,1909f56bfc062723c751e8b465ee728b)  -> (artifact id: 'b80f12e90262afe1e4bd598cd6240cf1') in 0.140028 seconds 
  Import took 0.156083 seconds .

========================================================================
Received Import Request.
  Time since last request: 0.000614 seconds.
  path: Assets/ScifiOfficeLite/Meshes/Materials/Techware/Keyboard props.mat
  artifactKey: Guid(1ac16eaf410f8614dbbc5093e2ea56fc) Importer(815301076,1909f56bfc062723c751e8b465ee728b)
Start importing Assets/ScifiOfficeLite/Meshes/Materials/Techware/Keyboard props.mat using Guid(1ac16eaf410f8614dbbc5093e2ea56fc) Importer(815301076,1909f56bfc062723c751e8b465ee728b)  -> (artifact id: '46884d4bc5e1c4004f877025a9fe3f55') in 0.083513 seconds 
  Import took 0.093121 seconds .

========================================================================
Received Import Request.
  Time since last request: 0.000642 seconds.
  path: Assets/StarterAssets/Environment/Art/Skybox/SkyboxLiteWarm.mat
  artifactKey: Guid(aeab33f69c199e54794f516d31450ec4) Importer(815301076,1909f56bfc062723c751e8b465ee728b)
Start importing Assets/StarterAssets/Environment/Art/Skybox/SkyboxLiteWarm.mat using Guid(aeab33f69c199e54794f516d31450ec4) Importer(815301076,1909f56bfc062723c751e8b465ee728b)  -> (artifact id: '42ec10c280250b776ef8cd8cc16042f3') in 0.050357 seconds 
  Import took 0.060703 seconds .

========================================================================
Received Import Request.
  Time since last request: 0.000734 seconds.
  path: Assets/ScifiOfficeLite/Meshes/Sci-Fi Environment/Mechanical Claw.fbx
  artifactKey: Guid(8e804f97ba971474581b166a0778476b) Importer(815301076,1909f56bfc062723c751e8b465ee728b)
Start importing Assets/ScifiOfficeLite/Meshes/Sci-Fi Environment/Mechanical Claw.fbx using Guid(8e804f97ba971474581b166a0778476b) Importer(815301076,1909f56bfc062723c751e8b465ee728b)  -> (artifact id: '951ea52952a4e19c0ffd611577ae0f95') in 0.436492 seconds 
  Import took 0.446988 seconds .

========================================================================
Received Import Request.
  Time since last request: 0.000610 seconds.
  path: Assets/StarterAssets/Environment/Art/Materials/URP_HDRP_ShaderGraph/ShaderGraphGrid_01_Mat.mat
  artifactKey: Guid(4589b87b8508f6e48b8fddb385924b16) Importer(815301076,1909f56bfc062723c751e8b465ee728b)
Start importing Assets/StarterAssets/Environment/Art/Materials/URP_HDRP_ShaderGraph/ShaderGraphGrid_01_Mat.mat using Guid(4589b87b8508f6e48b8fddb385924b16) Importer(815301076,1909f56bfc062723c751e8b465ee728b)  -> (artifact id: '24e703ea32e6c57bd688d01d6cc461cf') in 0.077907 seconds 
  Import took 0.085109 seconds .

========================================================================
Received Import Request.
  Time since last request: 0.000370 seconds.
  path: Assets/StarterAssets/Environment/Art/Skybox/SkyboxLite.mat
  artifactKey: Guid(f6c51332ac7d92541a38fb263b09d2a8) Importer(815301076,1909f56bfc062723c751e8b465ee728b)
Start importing Assets/StarterAssets/Environment/Art/Skybox/SkyboxLite.mat using Guid(f6c51332ac7d92541a38fb263b09d2a8) Importer(815301076,1909f56bfc062723c751e8b465ee728b)  -> (artifact id: '483e1e707a263429d81e7ad10451907b') in 0.064880 seconds 
  Import took 0.069559 seconds .

========================================================================
Received Import Request.
  Time since last request: 0.000450 seconds.
  path: Assets/ScifiOfficeLite/Meshes/Materials/Lights/White Light.mat
  artifactKey: Guid(8ed645f2d98f080459db6026fdd92246) Importer(815301076,1909f56bfc062723c751e8b465ee728b)
Start importing Assets/ScifiOfficeLite/Meshes/Materials/Lights/White Light.mat using Guid(8ed645f2d98f080459db6026fdd92246) Importer(815301076,1909f56bfc062723c751e8b465ee728b)  -> (artifact id: '20c4d45491e412fc055c151187e7e8dd') in 0.381079 seconds 
  Import took 0.390592 seconds .

========================================================================
Received Import Request.
  Time since last request: 0.000805 seconds.
  path: Assets/StarterAssets/ThirdPersonController/Character/Materials/Built-in_RP/M_ArmatureColor_Arms.mat
  artifactKey: Guid(dcce18b7a5cdb7d43a2cdeb041f727a3) Importer(815301076,1909f56bfc062723c751e8b465ee728b)
Start importing Assets/StarterAssets/ThirdPersonController/Character/Materials/Built-in_RP/M_ArmatureColor_Arms.mat using Guid(dcce18b7a5cdb7d43a2cdeb041f727a3) Importer(815301076,1909f56bfc062723c751e8b465ee728b)  -> (artifact id: 'd73dd0114eee85cfe004568d6de13730') in 0.128537 seconds 
  Import took 0.141734 seconds .

========================================================================
Received Import Request.
  Time since last request: 0.001233 seconds.
  path: Assets/ScifiOfficeLite/Meshes/Walls/Wall Top Piece 3.FBX
  artifactKey: Guid(c1d888a5bd7825344a41dbd872fd6414) Importer(815301076,1909f56bfc062723c751e8b465ee728b)
Start importing Assets/ScifiOfficeLite/Meshes/Walls/Wall Top Piece 3.FBX using Guid(c1d888a5bd7825344a41dbd872fd6414) Importer(815301076,1909f56bfc062723c751e8b465ee728b)  -> (artifact id: '7af62c80aba6c1fbb90a10b25b5d3771') in 0.210993 seconds 
  Import took 0.235272 seconds .

========================================================================
Received Import Request.
  Time since last request: 0.000411 seconds.
  path: Assets/StarterAssets/Environment/Art/Models/Ramp_100x100x200_Mesh.fbx
  artifactKey: Guid(bfff06aaff363a847ad37bf592364e6b) Importer(815301076,1909f56bfc062723c751e8b465ee728b)
Start importing Assets/StarterAssets/Environment/Art/Models/Ramp_100x100x200_Mesh.fbx using Guid(bfff06aaff363a847ad37bf592364e6b) Importer(815301076,1909f56bfc062723c751e8b465ee728b)  -> (artifact id: '8b098de8ee2a06e28e10bf2e6945cab1') in 0.109759 seconds 
  Import took 0.118104 seconds .

========================================================================
Received Import Request.
  Time since last request: 0.000494 seconds.
  path: Assets/ScifiOfficeLite/Meshes/Materials/Table Texture Set/Table set Glass.mat
  artifactKey: Guid(794346bd97615e6469844a48607e7cef) Importer(815301076,1909f56bfc062723c751e8b465ee728b)
Start importing Assets/ScifiOfficeLite/Meshes/Materials/Table Texture Set/Table set Glass.mat using Guid(794346bd97615e6469844a48607e7cef) Importer(815301076,1909f56bfc062723c751e8b465ee728b)  -> (artifact id: '964fdce41e5b03cb832ac0b1cccd48fc') in 0.174803 seconds 
  Import took 0.181756 seconds .

========================================================================
Received Import Request.
  Time since last request: 0.000510 seconds.
  path: Assets/ScifiOfficeLite/Meshes/Office Interior/Tables/Table 6.FBX
  artifactKey: Guid(41201aa748c547a43803606538ab6800) Importer(815301076,1909f56bfc062723c751e8b465ee728b)
Start importing Assets/ScifiOfficeLite/Meshes/Office Interior/Tables/Table 6.FBX using Guid(41201aa748c547a43803606538ab6800) Importer(815301076,1909f56bfc062723c751e8b465ee728b)  -> (artifact id: 'fa181b494b82d15dd714b1e666a0ea8c') in 0.471240 seconds 
  Import took 0.480620 seconds .

========================================================================
Received Import Request.
  Time since last request: 0.000748 seconds.
  path: Assets/ScifiOfficeLite/Meshes/Materials/Table Texture Set/Vase.mat
  artifactKey: Guid(045239b74499fce4fb282786f8c10c15) Importer(815301076,1909f56bfc062723c751e8b465ee728b)
Start importing Assets/ScifiOfficeLite/Meshes/Materials/Table Texture Set/Vase.mat using Guid(045239b74499fce4fb282786f8c10c15) Importer(815301076,1909f56bfc062723c751e8b465ee728b)  -> (artifact id: '7bdb095eb2cca1972e67485cb606f0dd') in 0.065208 seconds 
  Import took 0.073834 seconds .

========================================================================
Received Import Request.
  Time since last request: 0.000514 seconds.
  path: Assets/ScifiOfficeLite/Meshes/Materials/Table Texture Set/tray.mat
  artifactKey: Guid(9bdf17447ed310c42a3a46249c760acb) Importer(815301076,1909f56bfc062723c751e8b465ee728b)
Start importing Assets/ScifiOfficeLite/Meshes/Materials/Table Texture Set/tray.mat using Guid(9bdf17447ed310c42a3a46249c760acb) Importer(815301076,1909f56bfc062723c751e8b465ee728b)  -> (artifact id: '62c37e95cb714c82648edc04c1f4f17f') in 0.053178 seconds 
  Import took 0.061979 seconds .

========================================================================
Received Import Request.
  Time since last request: 0.000819 seconds.
  path: Assets/ScifiOfficeLite/Meshes/Materials/Interactables and Doors/Server, Control, Security panel/Mechanical arms.mat
  artifactKey: Guid(9ad210bc9fa286e47a62e047c835fafb) Importer(815301076,1909f56bfc062723c751e8b465ee728b)
Start importing Assets/ScifiOfficeLite/Meshes/Materials/Interactables and Doors/Server, Control, Security panel/Mechanical arms.mat using Guid(9ad210bc9fa286e47a62e047c835fafb) Importer(815301076,1909f56bfc062723c751e8b465ee728b)  -> (artifact id: '6dd3bb92a50b61270401f207668081b3') in 0.076952 seconds 
  Import took 0.088001 seconds .

========================================================================
Received Import Request.
  Time since last request: 0.000695 seconds.
  path: Assets/ScifiOfficeLite/Meshes/Materials/Table Texture Set/Table Texture Set 3.mat
  artifactKey: Guid(2d1a56ba40fb93146866c80098ce14b6) Importer(815301076,1909f56bfc062723c751e8b465ee728b)
Start importing Assets/ScifiOfficeLite/Meshes/Materials/Table Texture Set/Table Texture Set 3.mat using Guid(2d1a56ba40fb93146866c80098ce14b6) Importer(815301076,1909f56bfc062723c751e8b465ee728b)  -> (artifact id: '0636d33d84b538eb9fafaa2176cdb86c') in 0.069022 seconds 
  Import took 0.077163 seconds .

========================================================================
Received Import Request.
  Time since last request: 2.529661 seconds.
  path: Assets/StarterAssets/fatihokan_character.fbx
  artifactKey: Guid(e845eee72c5f3b14f9ebf8699215814b) Importer(815301076,1909f56bfc062723c751e8b465ee728b)
Start importing Assets/StarterAssets/fatihokan_character.fbx using Guid(e845eee72c5f3b14f9ebf8699215814b) Importer(815301076,1909f56bfc062723c751e8b465ee728b)  -> (artifact id: 'd2b6b7f9a5bc494bbe160ad1a1ba54af') in 0.127723 seconds 
  Import took 0.137234 seconds .

========================================================================
Received Import Request.
  Time since last request: 12.442045 seconds.
  path: Assets/StarterAssets/Environment/Art/Models/Wall_Mesh.fbx
  artifactKey: Guid(ff02a0a00ab750f48b09459b1cafd1b8) Importer(815301076,1909f56bfc062723c751e8b465ee728b)
Start importing Assets/StarterAssets/Environment/Art/Models/Wall_Mesh.fbx using Guid(ff02a0a00ab750f48b09459b1cafd1b8) Importer(815301076,1909f56bfc062723c751e8b465ee728b)  -> (artifact id: '718b29a871c791bce1497faf8f3dc1b0') in 0.094429 seconds 
  Import took 0.101367 seconds .

========================================================================
Received Import Request.
  Time since last request: 2.035121 seconds.
  path: Assets/StarterAssets/Environment/Art/Materials/GridWhite_01_Mat.mat
  artifactKey: Guid(dbf898c9f9c4a2d46aa6336e23caeb61) Importer(815301076,1909f56bfc062723c751e8b465ee728b)
Start importing Assets/StarterAssets/Environment/Art/Materials/GridWhite_01_Mat.mat using Guid(dbf898c9f9c4a2d46aa6336e23caeb61) Importer(815301076,1909f56bfc062723c751e8b465ee728b)  -> (artifact id: '15f566ae9d5ac15be41980936f0487ee') in 0.148647 seconds 
  Import took 0.156398 seconds .

========================================================================
Received Import Request.
  Time since last request: 0.000416 seconds.
  path: Assets/StarterAssets/Environment/Art/Models/Tunnel_Mesh.fbx
  artifactKey: Guid(f712806514868e54699156ec05dcb749) Importer(815301076,1909f56bfc062723c751e8b465ee728b)
Start importing Assets/StarterAssets/Environment/Art/Models/Tunnel_Mesh.fbx using Guid(f712806514868e54699156ec05dcb749) Importer(815301076,1909f56bfc062723c751e8b465ee728b)  -> (artifact id: 'a38a256e4093b5e2fa57038d5f8b9c08') in 0.119608 seconds 
  Import took 0.127384 seconds .

========================================================================
Received Import Request.
  Time since last request: 0.000463 seconds.
  path: Assets/StarterAssets/Environment/Art/Materials/GridOrange_01_Mat.mat
  artifactKey: Guid(7ab977a21c92388468ee65ad1c0e5a78) Importer(815301076,1909f56bfc062723c751e8b465ee728b)
Start importing Assets/StarterAssets/Environment/Art/Materials/GridOrange_01_Mat.mat using Guid(7ab977a21c92388468ee65ad1c0e5a78) Importer(815301076,1909f56bfc062723c751e8b465ee728b)  -> (artifact id: '84a7c5628ea112de5b71d27a71f931b3') in 0.060721 seconds 
  Import took 0.071172 seconds .

========================================================================
Received Import Request.
  Time since last request: 0.000523 seconds.
  path: Assets/StarterAssets/Environment/Art/Materials/GridBlue_01_Mat.mat
  artifactKey: Guid(ff188f58422043f489060e28a5e4e0c0) Importer(815301076,1909f56bfc062723c751e8b465ee728b)
Start importing Assets/StarterAssets/Environment/Art/Materials/GridBlue_01_Mat.mat using Guid(ff188f58422043f489060e28a5e4e0c0) Importer(815301076,1909f56bfc062723c751e8b465ee728b)  -> (artifact id: '897ea3269f048ae5dd8fda1cbe3d46da') in 0.135304 seconds 
  Import took 0.143566 seconds .

========================================================================
Received Import Request.
  Time since last request: 0.000647 seconds.
  path: Assets/StarterAssets/Environment/Art/Models/Box_350x250x300_Mesh.fbx
  artifactKey: Guid(d2f0da3998423f44594868ffed55c3e6) Importer(815301076,1909f56bfc062723c751e8b465ee728b)
Start importing Assets/StarterAssets/Environment/Art/Models/Box_350x250x300_Mesh.fbx using Guid(d2f0da3998423f44594868ffed55c3e6) Importer(815301076,1909f56bfc062723c751e8b465ee728b)  -> (artifact id: '3cef72fc39d7c7d44dfcf4e67fc64d56') in 0.138436 seconds 
  Import took 0.148524 seconds .

========================================================================
Received Import Request.
  Time since last request: 0.000716 seconds.
  path: Assets/StarterAssets/Environment/Art/Models/Stairs_650_400_300_Mesh.fbx
  artifactKey: Guid(7e0223e1d3e1733499accfa5ebffb67e) Importer(815301076,1909f56bfc062723c751e8b465ee728b)
Start importing Assets/StarterAssets/Environment/Art/Models/Stairs_650_400_300_Mesh.fbx using Guid(7e0223e1d3e1733499accfa5ebffb67e) Importer(815301076,1909f56bfc062723c751e8b465ee728b)  -> (artifact id: 'd0e9ac5e25fb8b5457a776c2113df2bd') in 0.207026 seconds 
  Import took 0.217234 seconds .

========================================================================
Received Import Request.
  Time since last request: 0.000712 seconds.
  path: Assets/StarterAssets/Environment/Art/Materials/GreyBlue_Mat.mat
  artifactKey: Guid(6b911390c5825014e8377183a7837d3f) Importer(815301076,1909f56bfc062723c751e8b465ee728b)
Start importing Assets/StarterAssets/Environment/Art/Materials/GreyBlue_Mat.mat using Guid(6b911390c5825014e8377183a7837d3f) Importer(815301076,1909f56bfc062723c751e8b465ee728b)  -> (artifact id: '12e2a2cdd19d64c763c00d30394a832d') in 0.104981 seconds 
  Import took 0.116483 seconds .

========================================================================
Received Import Request.
  Time since last request: 0.000620 seconds.
  path: Assets/ScifiOfficeLite/Meshes/Office Interior/Tray.FBX
  artifactKey: Guid(77348b45d10d5804f974afd3b7582bfc) Importer(815301076,1909f56bfc062723c751e8b465ee728b)
Start importing Assets/ScifiOfficeLite/Meshes/Office Interior/Tray.FBX using Guid(77348b45d10d5804f974afd3b7582bfc) Importer(815301076,1909f56bfc062723c751e8b465ee728b)  -> (artifact id: 'fa9c6062d498ccc8c8f7f2ad2cc3a865') in 0.109647 seconds 
  Import took 0.119568 seconds .

========================================================================
Received Import Request.
  Time since last request: 0.000443 seconds.
  path: Assets/StarterAssets/Environment/Art/Models/Ground_Mesh.fbx
  artifactKey: Guid(aa38d7b0e367ecc4aac915dcfe957879) Importer(815301076,1909f56bfc062723c751e8b465ee728b)
Start importing Assets/StarterAssets/Environment/Art/Models/Ground_Mesh.fbx using Guid(aa38d7b0e367ecc4aac915dcfe957879) Importer(815301076,1909f56bfc062723c751e8b465ee728b)  -> (artifact id: 'd257240f33719b04165bc8e98212062c') in 0.111095 seconds 
  Import took 0.119150 seconds .

========================================================================
Received Import Request.
  Time since last request: 0.000425 seconds.
  path: Assets/StarterAssets/Environment/Art/Models/Structure_Mesh.fbx
  artifactKey: Guid(d0a9bfb4b5f28174884e89dd76563ae8) Importer(815301076,1909f56bfc062723c751e8b465ee728b)
Start importing Assets/StarterAssets/Environment/Art/Models/Structure_Mesh.fbx using Guid(d0a9bfb4b5f28174884e89dd76563ae8) Importer(815301076,1909f56bfc062723c751e8b465ee728b)  -> (artifact id: 'efe728441f8bc159b90b78c102fdf9fc') in 0.143736 seconds 
  Import took 0.154580 seconds .

========================================================================
Received Import Request.
  Time since last request: 5.468530 seconds.
  path: Assets/StarterAssets/fatihokan_character.fbx
  artifactKey: Guid(e845eee72c5f3b14f9ebf8699215814b) Importer(815301076,1909f56bfc062723c751e8b465ee728b)
Start importing Assets/StarterAssets/fatihokan_character.fbx using Guid(e845eee72c5f3b14f9ebf8699215814b) Importer(815301076,1909f56bfc062723c751e8b465ee728b)  -> (artifact id: 'c142588f653ff03cb17e359fa91295fc') in 0.140127 seconds 
  Import took 0.149128 seconds .

========================================================================
Received Import Request.
  Time since last request: 8.395281 seconds.
  path: Assets/StarterAssets/fatihokan_character.fbx
  artifactKey: Guid(e845eee72c5f3b14f9ebf8699215814b) Importer(815301076,1909f56bfc062723c751e8b465ee728b)
Start importing Assets/StarterAssets/fatihokan_character.fbx using Guid(e845eee72c5f3b14f9ebf8699215814b) Importer(815301076,1909f56bfc062723c751e8b465ee728b)  -> (artifact id: '27f156797464ecb1509cd2c4240fc69d') in 0.116664 seconds 
  Import took 0.127316 seconds .

========================================================================
Received Prepare
Registering precompiled user dll's ...
Registered in 0.011395 seconds.
Begin MonoManager ReloadAssembly
Native extension for WindowsStandalone target not found
Native extension for WebGL target not found
Refreshing native plugins compatible for Editor in 0.89 ms, found 2 plugins.
Preloading 0 native plugins for Editor in 0.00 ms.
Mono: successfully reloaded assembly
- Completed reload, in  2.073 seconds
Domain Reload Profiling:
	ReloadAssembly (2075ms)
		BeginReloadAssembly (316ms)
			ExecutionOrderSort (0ms)
			DisableScriptedObjects (34ms)
			BackupInstance (0ms)
			ReleaseScriptingObjects (0ms)
			CreateAndSetChildDomain (81ms)
		EndReloadAssembly (1588ms)
			LoadAssemblies (219ms)
			RebuildTransferFunctionScriptingTraits (0ms)
			SetupTypeCache (479ms)
			ReleaseScriptCaches (1ms)
			RebuildScriptCaches (79ms)
			SetupLoadedEditorAssemblies (639ms)
				LogAssemblyErrors (0ms)
				InitializePlatformSupportModulesInManaged (11ms)
				SetLoadedEditorAssemblies (1ms)
				RefreshPlugins (1ms)
				BeforeProcessingInitializeOnLoad (107ms)
				ProcessInitializeOnLoadAttributes (470ms)
				ProcessInitializeOnLoadMethodAttributes (26ms)
				AfterProcessingInitializeOnLoad (22ms)
				EditorAssembliesLoaded (1ms)
			ExecutionOrderSort2 (0ms)
			AwakeInstancesAfterBackupRestoration (22ms)
Platform modules already initialized, skipping
Refreshing native plugins compatible for Editor in 1.48 ms, found 2 plugins.
Preloading 0 native plugins for Editor in 0.00 ms.
Unloading 1992 Unused Serialized files (Serialized files now loaded: 0)
System memory in use before: 106.0 MB.
System memory in use after: 106.2 MB.

Unloading 17 unused Assets to reduce memory usage. Loaded Objects now: 2492.
Total: 13.066500 ms (FindLiveObjects: 0.639900 ms CreateObjectMapping: 0.319700 ms MarkObjects: 12.047800 ms  DeleteObjects: 0.055400 ms)

AssetImportParameters requested are different than current active one (requested -> active):
  custom:framework-win-MediaFoundation: 216162199b28c13a410421893ffa2e32 -> 
  custom:video-decoder-ogg-theora: a1e56fd34408186e4bbccfd4996cb3dc -> 
  custom:container-muxer-webm: aa71ff27fc2769a1b78a27578f13a17b -> 
  custom:container-demuxer-webm: 4f35f7cbe854078d1ac9338744f61a02 -> 
  custom:container-demuxer-ogg: 62fdf1f143b41e24485cea50d1cbac27 -> 
  custom:video-encoder-webm-vp8: eb34c28f22e8b96e1ab97ce403110664 -> 
  custom:video-decoder-webm-vp8: 9c59270c3fd7afecdb556c50c9e8de78 -> 
  custom:audio-decoder-ogg-vorbis: bf7c407c2cedff20999df2af8eb42d56 -> 
  custom:audio-encoder-webm-vorbis: bf7c407c2cedff20999df2af8eb42d56 -> 
========================================================================
Received Import Request.
  Time since last request: 39.107381 seconds.
  path: Assets/StarterAssets/fatihokan_character.fbx
  artifactKey: Guid(e845eee72c5f3b14f9ebf8699215814b) Importer(815301076,1909f56bfc062723c751e8b465ee728b)
Start importing Assets/StarterAssets/fatihokan_character.fbx using Guid(e845eee72c5f3b14f9ebf8699215814b) Importer(815301076,1909f56bfc062723c751e8b465ee728b)  -> (artifact id: 'ede25de487f61552978d3d14572136db') in 0.413041 seconds 
  Import took 0.423221 seconds .

========================================================================
Received Import Request.
  Time since last request: 1.587112 seconds.
  path: Assets/StarterAssets/fatihokan_character.fbx
  artifactKey: Guid(e845eee72c5f3b14f9ebf8699215814b) Importer(815301076,1909f56bfc062723c751e8b465ee728b)
Start importing Assets/StarterAssets/fatihokan_character.fbx using Guid(e845eee72c5f3b14f9ebf8699215814b) Importer(815301076,1909f56bfc062723c751e8b465ee728b)  -> (artifact id: '22f4f238a961123522c58083ac80b6be') in 0.194867 seconds 
  Import took 0.203229 seconds .

========================================================================
Received Import Request.
  Time since last request: 19.363593 seconds.
  path: Assets/ScifiOfficeLite/Meshes/Materials/Interactables and Doors/Doors/Grey Door.mat
  artifactKey: Guid(f9582d594262a05479fe437e0ebc4957) Importer(815301076,1909f56bfc062723c751e8b465ee728b)
Start importing Assets/ScifiOfficeLite/Meshes/Materials/Interactables and Doors/Doors/Grey Door.mat using Guid(f9582d594262a05479fe437e0ebc4957) Importer(815301076,1909f56bfc062723c751e8b465ee728b)  -> (artifact id: '30e4a6ffa5904ff1311a03e33b61292f') in 0.538713 seconds 
  Import took 0.545558 seconds .

========================================================================
Received Import Request.
  Time since last request: 0.000518 seconds.
  path: Assets/ScifiOfficeLite/Meshes/Materials/Ground Mats/Carpet/Door Mat.mat
  artifactKey: Guid(8353a5a73d3bc004a9c04c2527090bd7) Importer(815301076,1909f56bfc062723c751e8b465ee728b)
Start importing Assets/ScifiOfficeLite/Meshes/Materials/Ground Mats/Carpet/Door Mat.mat using Guid(8353a5a73d3bc004a9c04c2527090bd7) Importer(815301076,1909f56bfc062723c751e8b465ee728b)  -> (artifact id: '0fd1605ae0a0bfe1d6f8f034277a90b1') in 0.195114 seconds 
  Import took 0.213148 seconds .

========================================================================
Received Import Request.
  Time since last request: 0.000503 seconds.
  path: Assets/ScifiOfficeLite/Meshes/Office Interior/Shelf Without Crates.FBX
  artifactKey: Guid(286e43d1c643e32429628b056004c0ef) Importer(815301076,1909f56bfc062723c751e8b465ee728b)
Start importing Assets/ScifiOfficeLite/Meshes/Office Interior/Shelf Without Crates.FBX using Guid(286e43d1c643e32429628b056004c0ef) Importer(815301076,1909f56bfc062723c751e8b465ee728b)  -> (artifact id: 'c9c474e0d23c93c1e3fe11c82ca81c51') in 0.112605 seconds 
  Import took 0.121087 seconds .

========================================================================
Received Import Request.
  Time since last request: 0.000545 seconds.
  path: Assets/ScifiOfficeLite/Meshes/Materials/DemoSkybox.mat
  artifactKey: Guid(32ea4fce7231ca349a48b944302d257e) Importer(815301076,1909f56bfc062723c751e8b465ee728b)
Start importing Assets/ScifiOfficeLite/Meshes/Materials/DemoSkybox.mat using Guid(32ea4fce7231ca349a48b944302d257e) Importer(815301076,1909f56bfc062723c751e8b465ee728b)  -> (artifact id: 'af8866039137804a67c75e9fd9a7dfe7') in 0.049471 seconds 
  Import took 0.058381 seconds .

========================================================================
Received Import Request.
  Time since last request: 0.000670 seconds.
  path: Assets/ScifiOfficeLite/Meshes/Materials/Interactables and Doors/Server, Control, Security panel/Glass.mat
  artifactKey: Guid(a8110a263a9aa234690b7fdb5703417a) Importer(815301076,1909f56bfc062723c751e8b465ee728b)
Start importing Assets/ScifiOfficeLite/Meshes/Materials/Interactables and Doors/Server, Control, Security panel/Glass.mat using Guid(a8110a263a9aa234690b7fdb5703417a) Importer(815301076,1909f56bfc062723c751e8b465ee728b)  -> (artifact id: '35bbf1ff60ac5d9d0227939e17d021ca') in 0.096842 seconds 
  Import took 0.106483 seconds .

========================================================================
Received Import Request.
  Time since last request: 0.000523 seconds.
  path: Assets/ScifiOfficeLite/Meshes/Office Interior/Carpet/Carpet 5.FBX
  artifactKey: Guid(3815c0f68c7c19f4c9f6edb1bc4f41f1) Importer(815301076,1909f56bfc062723c751e8b465ee728b)
Start importing Assets/ScifiOfficeLite/Meshes/Office Interior/Carpet/Carpet 5.FBX using Guid(3815c0f68c7c19f4c9f6edb1bc4f41f1) Importer(815301076,1909f56bfc062723c751e8b465ee728b)  -> (artifact id: '95cc45a9d7ad3676149057442112793a') in 0.103452 seconds 
  Import took 0.112130 seconds .

========================================================================
Received Import Request.
  Time since last request: 0.000462 seconds.
  path: Assets/ScifiOfficeLite/Meshes/Office Interior/Shelf with Crates.FBX
  artifactKey: Guid(66f91e45b3db4984494c4394f379f7a7) Importer(815301076,1909f56bfc062723c751e8b465ee728b)
Start importing Assets/ScifiOfficeLite/Meshes/Office Interior/Shelf with Crates.FBX using Guid(66f91e45b3db4984494c4394f379f7a7) Importer(815301076,1909f56bfc062723c751e8b465ee728b)  -> (artifact id: 'db7665788d3d2ec8635542b7a4144628') in 0.643589 seconds 
  Import took 0.650831 seconds .

========================================================================
Received Import Request.
  Time since last request: 0.000372 seconds.
  path: Assets/ScifiOfficeLite/Meshes/Materials/Ground Mats/Epoxy/Epoxy Ground 20m.mat
  artifactKey: Guid(8deb5a21c783e7e469134e16e01686d1) Importer(815301076,1909f56bfc062723c751e8b465ee728b)
Start importing Assets/ScifiOfficeLite/Meshes/Materials/Ground Mats/Epoxy/Epoxy Ground 20m.mat using Guid(8deb5a21c783e7e469134e16e01686d1) Importer(815301076,1909f56bfc062723c751e8b465ee728b)  -> (artifact id: '3d5ed7dfea488822971bea9d7da5af95') in 0.179543 seconds 
  Import took 0.190550 seconds .

========================================================================
Received Import Request.
  Time since last request: 0.000560 seconds.
  path: Assets/ScifiOfficeLite/Meshes/Office Interior/Carpet/Carpet 13.FBX
  artifactKey: Guid(7b04682a6ca2fb3469b49ad8f05c9930) Importer(815301076,1909f56bfc062723c751e8b465ee728b)
Start importing Assets/ScifiOfficeLite/Meshes/Office Interior/Carpet/Carpet 13.FBX using Guid(7b04682a6ca2fb3469b49ad8f05c9930) Importer(815301076,1909f56bfc062723c751e8b465ee728b)  -> (artifact id: '25e63ede38f48cd9a0dfdeec35d79bdb') in 0.101741 seconds 
  Import took 0.109061 seconds .

========================================================================
Received Import Request.
  Time since last request: 0.000588 seconds.
  path: Assets/ScifiOfficeLite/Meshes/Materials/Interactables and Doors/Server, Control, Security panel/Control Panel.mat
  artifactKey: Guid(f6837370f10850c46bb877c0d661f044) Importer(815301076,1909f56bfc062723c751e8b465ee728b)
Start importing Assets/ScifiOfficeLite/Meshes/Materials/Interactables and Doors/Server, Control, Security panel/Control Panel.mat using Guid(f6837370f10850c46bb877c0d661f044) Importer(815301076,1909f56bfc062723c751e8b465ee728b)  -> (artifact id: '22c16e9ec0b90f633b11d67370a4f3b4') in 0.172875 seconds 
  Import took 0.186067 seconds .

========================================================================
Received Import Request.
  Time since last request: 0.000492 seconds.
  path: Assets/ScifiOfficeLite/Meshes/Materials/Ground Mats/Concrete/Concrete Ground 20m.mat
  artifactKey: Guid(9de4200706addc14b9e60ffb7b15caad) Importer(815301076,1909f56bfc062723c751e8b465ee728b)
Start importing Assets/ScifiOfficeLite/Meshes/Materials/Ground Mats/Concrete/Concrete Ground 20m.mat using Guid(9de4200706addc14b9e60ffb7b15caad) Importer(815301076,1909f56bfc062723c751e8b465ee728b)  -> (artifact id: '1e7dda40f176162510a387483b71d23e') in 0.060175 seconds 
  Import took 0.068640 seconds .

========================================================================
Received Import Request.
  Time since last request: 0.000548 seconds.
  path: Assets/ScifiOfficeLite/Meshes/Office Interior/Chairs/office chair.FBX
  artifactKey: Guid(d466e2eae95ed804f85f00b0924ee018) Importer(815301076,1909f56bfc062723c751e8b465ee728b)
Start importing Assets/ScifiOfficeLite/Meshes/Office Interior/Chairs/office chair.FBX using Guid(d466e2eae95ed804f85f00b0924ee018) Importer(815301076,1909f56bfc062723c751e8b465ee728b)  -> (artifact id: '037620418113d000c63cbebbcba1af05') in 0.110014 seconds 
  Import took 0.118659 seconds .

========================================================================
Received Import Request.
  Time since last request: 0.000486 seconds.
  path: Assets/ScifiOfficeLite/Meshes/Office Interior/Carpet/Carpet 12.FBX
  artifactKey: Guid(24e5172242125aa45925cd25104a5d1a) Importer(815301076,1909f56bfc062723c751e8b465ee728b)
Start importing Assets/ScifiOfficeLite/Meshes/Office Interior/Carpet/Carpet 12.FBX using Guid(24e5172242125aa45925cd25104a5d1a) Importer(815301076,1909f56bfc062723c751e8b465ee728b)  -> (artifact id: '47d7881661598853d083b02c9202f5a1') in 0.100414 seconds 
  Import took 0.109424 seconds .

========================================================================
Received Import Request.
  Time since last request: 0.000669 seconds.
  path: Assets/ScifiOfficeLite/Meshes/Office Interior/Carpet/Carpet 11.FBX
  artifactKey: Guid(377835cb3fa2b9141894051f66db8b1f) Importer(815301076,1909f56bfc062723c751e8b465ee728b)
Start importing Assets/ScifiOfficeLite/Meshes/Office Interior/Carpet/Carpet 11.FBX using Guid(377835cb3fa2b9141894051f66db8b1f) Importer(815301076,1909f56bfc062723c751e8b465ee728b)  -> (artifact id: '75d2e8ebe7bdbb5f685fe86c50232253') in 0.110794 seconds 
  Import took 0.118951 seconds .

========================================================================
Received Import Request.
  Time since last request: 0.000634 seconds.
  path: Assets/ScifiOfficeLite/Meshes/Materials/Table Texture Set/Crates.mat
  artifactKey: Guid(a457eeed7158dbe4199e5cc71f4f9b35) Importer(815301076,1909f56bfc062723c751e8b465ee728b)
Start importing Assets/ScifiOfficeLite/Meshes/Materials/Table Texture Set/Crates.mat using Guid(a457eeed7158dbe4199e5cc71f4f9b35) Importer(815301076,1909f56bfc062723c751e8b465ee728b)  -> (artifact id: '473d2478b2b673bf1001e68ef0c93a9f') in 0.071415 seconds 
  Import took 0.079436 seconds .

========================================================================
Received Import Request.
  Time since last request: 0.000585 seconds.
  path: Assets/ScifiOfficeLite/Meshes/Materials/Chair set/Chair set.mat
  artifactKey: Guid(b1cc28be108c49a4bb62461e67a3bc75) Importer(815301076,1909f56bfc062723c751e8b465ee728b)
Start importing Assets/ScifiOfficeLite/Meshes/Materials/Chair set/Chair set.mat using Guid(b1cc28be108c49a4bb62461e67a3bc75) Importer(815301076,1909f56bfc062723c751e8b465ee728b)  -> (artifact id: '637aee89ae9867ccc866005e870db2e4') in 0.222635 seconds 
  Import took 0.239229 seconds .

========================================================================
Received Import Request.
  Time since last request: 0.000655 seconds.
  path: Assets/ScifiOfficeLite/Meshes/Office Interior/Chairs/Stool.FBX
  artifactKey: Guid(cc27f5674605ba04ca0d210915754fbc) Importer(815301076,1909f56bfc062723c751e8b465ee728b)
Start importing Assets/ScifiOfficeLite/Meshes/Office Interior/Chairs/Stool.FBX using Guid(cc27f5674605ba04ca0d210915754fbc) Importer(815301076,1909f56bfc062723c751e8b465ee728b)  -> (artifact id: '67140db29400b814790bf0886b6bec3a') in 0.138080 seconds 
  Import took 0.146208 seconds .

========================================================================
Received Import Request.
  Time since last request: 0.000471 seconds.
  path: Assets/ScifiOfficeLite/Meshes/Materials/Chair set/Chair set T2.mat
  artifactKey: Guid(703745f75560124488d90b7ffe522f57) Importer(815301076,1909f56bfc062723c751e8b465ee728b)
Start importing Assets/ScifiOfficeLite/Meshes/Materials/Chair set/Chair set T2.mat using Guid(703745f75560124488d90b7ffe522f57) Importer(815301076,1909f56bfc062723c751e8b465ee728b)  -> (artifact id: '706b9af4b1c9c468e958bd9b65e4901e') in 0.068666 seconds 
  Import took 0.080368 seconds .

========================================================================
Received Prepare
Registering precompiled user dll's ...
Registered in 0.016061 seconds.
Begin MonoManager ReloadAssembly
Native extension for WindowsStandalone target not found
Native extension for WebGL target not found
Refreshing native plugins compatible for Editor in 0.76 ms, found 2 plugins.
Preloading 0 native plugins for Editor in 0.00 ms.
Mono: successfully reloaded assembly
- Completed reload, in  2.950 seconds
Domain Reload Profiling:
	ReloadAssembly (2952ms)
		BeginReloadAssembly (370ms)
			ExecutionOrderSort (0ms)
			DisableScriptedObjects (37ms)
			BackupInstance (0ms)
			ReleaseScriptingObjects (0ms)
			CreateAndSetChildDomain (128ms)
		EndReloadAssembly (2382ms)
			LoadAssemblies (288ms)
			RebuildTransferFunctionScriptingTraits (0ms)
			SetupTypeCache (671ms)
			ReleaseScriptCaches (2ms)
			RebuildScriptCaches (83ms)
			SetupLoadedEditorAssemblies (1080ms)
				LogAssemblyErrors (0ms)
				InitializePlatformSupportModulesInManaged (16ms)
				SetLoadedEditorAssemblies (2ms)
				RefreshPlugins (1ms)
				BeforeProcessingInitializeOnLoad (242ms)
				ProcessInitializeOnLoadAttributes (758ms)
				ProcessInitializeOnLoadMethodAttributes (34ms)
				AfterProcessingInitializeOnLoad (27ms)
				EditorAssembliesLoaded (1ms)
			ExecutionOrderSort2 (0ms)
			AwakeInstancesAfterBackupRestoration (15ms)
Platform modules already initialized, skipping
Refreshing native plugins compatible for Editor in 1.78 ms, found 2 plugins.
Preloading 0 native plugins for Editor in 0.00 ms.
Unloading 1992 Unused Serialized files (Serialized files now loaded: 0)
System memory in use before: 106.3 MB.
System memory in use after: 106.4 MB.

Unloading 17 unused Assets to reduce memory usage. Loaded Objects now: 2495.
Total: 8.732900 ms (FindLiveObjects: 0.322500 ms CreateObjectMapping: 0.155100 ms MarkObjects: 8.209100 ms  DeleteObjects: 0.043100 ms)

AssetImportParameters requested are different than current active one (requested -> active):
  custom:framework-win-MediaFoundation: 216162199b28c13a410421893ffa2e32 -> 
  custom:video-decoder-ogg-theora: a1e56fd34408186e4bbccfd4996cb3dc -> 
  custom:container-muxer-webm: aa71ff27fc2769a1b78a27578f13a17b -> 
  custom:container-demuxer-webm: 4f35f7cbe854078d1ac9338744f61a02 -> 
  custom:container-demuxer-ogg: 62fdf1f143b41e24485cea50d1cbac27 -> 
  custom:video-encoder-webm-vp8: eb34c28f22e8b96e1ab97ce403110664 -> 
  custom:video-decoder-webm-vp8: 9c59270c3fd7afecdb556c50c9e8de78 -> 
  custom:audio-decoder-ogg-vorbis: bf7c407c2cedff20999df2af8eb42d56 -> 
  custom:audio-encoder-webm-vorbis: bf7c407c2cedff20999df2af8eb42d56 -> 
========================================================================
Received Import Request.
  Time since last request: 16.013241 seconds.
  path: Assets/StarterAssets/fatihokan_character.fbx
  artifactKey: Guid(e845eee72c5f3b14f9ebf8699215814b) Importer(815301076,1909f56bfc062723c751e8b465ee728b)
Start importing Assets/StarterAssets/fatihokan_character.fbx using Guid(e845eee72c5f3b14f9ebf8699215814b) Importer(815301076,1909f56bfc062723c751e8b465ee728b)  -> (artifact id: 'cbf1247ef4b1fd4b02b6317d03436a92') in 0.480589 seconds 
  Import took 0.491164 seconds .

========================================================================
Received Import Request.
  Time since last request: 18.939747 seconds.
  path: Assets/StarterAssets/Environment/Art/Materials/Built-in_RP/BuiltInTriplanar_01_Mat.mat
  artifactKey: Guid(3300a5c4710bac244815734e484b3b90) Importer(815301076,1909f56bfc062723c751e8b465ee728b)
Start importing Assets/StarterAssets/Environment/Art/Materials/Built-in_RP/BuiltInTriplanar_01_Mat.mat using Guid(3300a5c4710bac244815734e484b3b90) Importer(815301076,1909f56bfc062723c751e8b465ee728b)  -> (artifact id: '668c5f0b52180bd921c51964265957b2') in 0.745381 seconds 
  Import took 0.752743 seconds .

========================================================================
Received Import Request.
  Time since last request: 0.000505 seconds.
  path: Assets/ScifiOfficeLite/Meshes/Office Interior/Carpet/Carpet 10.FBX
  artifactKey: Guid(96b6fad491af7c541b79798aaa5aa126) Importer(815301076,1909f56bfc062723c751e8b465ee728b)
Start importing Assets/ScifiOfficeLite/Meshes/Office Interior/Carpet/Carpet 10.FBX using Guid(96b6fad491af7c541b79798aaa5aa126) Importer(815301076,1909f56bfc062723c751e8b465ee728b)  -> (artifact id: '21111f8ec15fbc292a3c36e0e1d02d0d') in 0.103089 seconds 
  Import took 0.110946 seconds .

========================================================================
Received Import Request.
  Time since last request: 0.000669 seconds.
  path: Assets/ScifiOfficeLite/Meshes/Office Interior/Carpet/Carpet 9.FBX
  artifactKey: Guid(ff54a0654963bc34296426d8088a649f) Importer(815301076,1909f56bfc062723c751e8b465ee728b)
Start importing Assets/ScifiOfficeLite/Meshes/Office Interior/Carpet/Carpet 9.FBX using Guid(ff54a0654963bc34296426d8088a649f) Importer(815301076,1909f56bfc062723c751e8b465ee728b)  -> (artifact id: 'b62dc687dd334caff636ecbd4eaea1d6') in 0.093121 seconds 
  Import took 0.102876 seconds .

========================================================================
Received Import Request.
  Time since last request: 0.000561 seconds.
  path: Assets/ScifiOfficeLite/Meshes/Office Interior/Carpet/Carpet 8.FBX
  artifactKey: Guid(9c356ccbadb302f4c99fbe7879889240) Importer(815301076,1909f56bfc062723c751e8b465ee728b)
Start importing Assets/ScifiOfficeLite/Meshes/Office Interior/Carpet/Carpet 8.FBX using Guid(9c356ccbadb302f4c99fbe7879889240) Importer(815301076,1909f56bfc062723c751e8b465ee728b)  -> (artifact id: '351845dfdc1b53f4bd70d675678deefc') in 0.096059 seconds 
  Import took 0.107292 seconds .

========================================================================
Received Import Request.
  Time since last request: 0.000697 seconds.
  path: Assets/StarterAssets/Environment/Art/Models/Ramp_Mesh.fbx
  artifactKey: Guid(426a2785f8a940049aac2c246661cf09) Importer(815301076,1909f56bfc062723c751e8b465ee728b)
Start importing Assets/StarterAssets/Environment/Art/Models/Ramp_Mesh.fbx using Guid(426a2785f8a940049aac2c246661cf09) Importer(815301076,1909f56bfc062723c751e8b465ee728b)  -> (artifact id: 'eef365d590a39d63f4ea7ebc0141d890') in 0.147176 seconds 
  Import took 0.155681 seconds .

========================================================================
Received Import Request.
  Time since last request: 0.000523 seconds.
  path: Assets/StarterAssets/Environment/Art/Models/Stairs_200x100x200_Mesh.fbx
  artifactKey: Guid(fce3bf5a5b603db45ab0048fb6ab44df) Importer(815301076,1909f56bfc062723c751e8b465ee728b)
Start importing Assets/StarterAssets/Environment/Art/Models/Stairs_200x100x200_Mesh.fbx using Guid(fce3bf5a5b603db45ab0048fb6ab44df) Importer(815301076,1909f56bfc062723c751e8b465ee728b)  -> (artifact id: '38db7e37dc852713501a3d40aff73d14') in 0.189455 seconds 
  Import took 0.199167 seconds .

========================================================================
Received Import Request.
  Time since last request: 0.000359 seconds.
  path: Assets/StarterAssets/Environment/Art/Materials/Blue_Mat.mat
  artifactKey: Guid(979aef027a1c86c42a15ce35fce366fa) Importer(815301076,1909f56bfc062723c751e8b465ee728b)
Start importing Assets/StarterAssets/Environment/Art/Materials/Blue_Mat.mat using Guid(979aef027a1c86c42a15ce35fce366fa) Importer(815301076,1909f56bfc062723c751e8b465ee728b)  -> (artifact id: '12cc0a22af1f3b7a3ae25c7761732e6e') in 0.056814 seconds 
  Import took 0.064512 seconds .

========================================================================
Received Import Request.
  Time since last request: 0.000673 seconds.
  path: Assets/ScifiOfficeLite/Meshes/Materials/Ground Mats/Carpet/Carpet 2.mat
  artifactKey: Guid(df54338e7a7f2994fb0de694d0d18c74) Importer(815301076,1909f56bfc062723c751e8b465ee728b)
Start importing Assets/ScifiOfficeLite/Meshes/Materials/Ground Mats/Carpet/Carpet 2.mat using Guid(df54338e7a7f2994fb0de694d0d18c74) Importer(815301076,1909f56bfc062723c751e8b465ee728b)  -> (artifact id: '303fe021a684bd584aa8e0954c3975bc') in 0.295042 seconds 
  Import took 0.311590 seconds .

========================================================================
Received Prepare
Registering precompiled user dll's ...
Registered in 0.015534 seconds.
Begin MonoManager ReloadAssembly
Native extension for WindowsStandalone target not found
Native extension for WebGL target not found
Refreshing native plugins compatible for Editor in 1.14 ms, found 2 plugins.
Preloading 0 native plugins for Editor in 0.00 ms.
Mono: successfully reloaded assembly
- Completed reload, in  3.298 seconds
Domain Reload Profiling:
	ReloadAssembly (3299ms)
		BeginReloadAssembly (340ms)
			ExecutionOrderSort (0ms)
			DisableScriptedObjects (31ms)
			BackupInstance (0ms)
			ReleaseScriptingObjects (0ms)
			CreateAndSetChildDomain (93ms)
		EndReloadAssembly (2782ms)
			LoadAssemblies (292ms)
			RebuildTransferFunctionScriptingTraits (0ms)
			SetupTypeCache (871ms)
			ReleaseScriptCaches (1ms)
			RebuildScriptCaches (128ms)
			SetupLoadedEditorAssemblies (1114ms)
				LogAssemblyErrors (0ms)
				InitializePlatformSupportModulesInManaged (14ms)
				SetLoadedEditorAssemblies (2ms)
				RefreshPlugins (1ms)
				BeforeProcessingInitializeOnLoad (225ms)
				ProcessInitializeOnLoadAttributes (813ms)
				ProcessInitializeOnLoadMethodAttributes (35ms)
				AfterProcessingInitializeOnLoad (22ms)
				EditorAssembliesLoaded (1ms)
			ExecutionOrderSort2 (0ms)
			AwakeInstancesAfterBackupRestoration (26ms)
Platform modules already initialized, skipping
Refreshing native plugins compatible for Editor in 1.88 ms, found 2 plugins.
Preloading 0 native plugins for Editor in 0.00 ms.
Unloading 1992 Unused Serialized files (Serialized files now loaded: 0)
System memory in use before: 106.4 MB.
System memory in use after: 106.5 MB.

Unloading 17 unused Assets to reduce memory usage. Loaded Objects now: 2498.
Total: 8.795800 ms (FindLiveObjects: 0.295000 ms CreateObjectMapping: 0.198200 ms MarkObjects: 8.239000 ms  DeleteObjects: 0.059900 ms)

AssetImportParameters requested are different than current active one (requested -> active):
  custom:framework-win-MediaFoundation: 216162199b28c13a410421893ffa2e32 -> 
  custom:video-decoder-ogg-theora: a1e56fd34408186e4bbccfd4996cb3dc -> 
  custom:container-muxer-webm: aa71ff27fc2769a1b78a27578f13a17b -> 
  custom:container-demuxer-webm: 4f35f7cbe854078d1ac9338744f61a02 -> 
  custom:container-demuxer-ogg: 62fdf1f143b41e24485cea50d1cbac27 -> 
  custom:video-encoder-webm-vp8: eb34c28f22e8b96e1ab97ce403110664 -> 
  custom:video-decoder-webm-vp8: 9c59270c3fd7afecdb556c50c9e8de78 -> 
  custom:audio-decoder-ogg-vorbis: bf7c407c2cedff20999df2af8eb42d56 -> 
  custom:audio-encoder-webm-vorbis: bf7c407c2cedff20999df2af8eb42d56 -> 
========================================================================
Received Import Request.
  Time since last request: 10.875662 seconds.
  path: Assets/StarterAssets/fatihokan_character.fbx
  artifactKey: Guid(e845eee72c5f3b14f9ebf8699215814b) Importer(815301076,1909f56bfc062723c751e8b465ee728b)
Start importing Assets/StarterAssets/fatihokan_character.fbx using Guid(e845eee72c5f3b14f9ebf8699215814b) Importer(815301076,1909f56bfc062723c751e8b465ee728b)  -> (artifact id: 'cdbf84b4fad1fcbde38f0dd4da1a18c6') in 0.564139 seconds 
  Import took 0.580008 seconds .

========================================================================
Received Import Request.
  Time since last request: 12.411753 seconds.
  path: Assets/StarterAssets/fatihokan_character.fbx
  artifactKey: Guid(e845eee72c5f3b14f9ebf8699215814b) Importer(815301076,1909f56bfc062723c751e8b465ee728b)
Start importing Assets/StarterAssets/fatihokan_character.fbx using Guid(e845eee72c5f3b14f9ebf8699215814b) Importer(815301076,1909f56bfc062723c751e8b465ee728b)  -> (artifact id: '5a1ed78a90b2ea2511ec94bc01b98a76') in 0.268426 seconds 
  Import took 0.285049 seconds .

========================================================================
Received Prepare
Registering precompiled user dll's ...
Registered in 0.009279 seconds.
Begin MonoManager ReloadAssembly
Native extension for WindowsStandalone target not found
Native extension for WebGL target not found
Refreshing native plugins compatible for Editor in 1.09 ms, found 2 plugins.
Preloading 0 native plugins for Editor in 0.00 ms.
Mono: successfully reloaded assembly
- Completed reload, in  3.123 seconds
Domain Reload Profiling:
	ReloadAssembly (3124ms)
		BeginReloadAssembly (308ms)
			ExecutionOrderSort (0ms)
			DisableScriptedObjects (13ms)
			BackupInstance (0ms)
			ReleaseScriptingObjects (0ms)
			CreateAndSetChildDomain (79ms)
		EndReloadAssembly (2643ms)
			LoadAssemblies (245ms)
			RebuildTransferFunctionScriptingTraits (0ms)
			SetupTypeCache (736ms)
			ReleaseScriptCaches (2ms)
			RebuildScriptCaches (111ms)
			SetupLoadedEditorAssemblies (1202ms)
				LogAssemblyErrors (0ms)
				InitializePlatformSupportModulesInManaged (17ms)
				SetLoadedEditorAssemblies (2ms)
				RefreshPlugins (1ms)
				BeforeProcessingInitializeOnLoad (252ms)
				ProcessInitializeOnLoadAttributes (883ms)
				ProcessInitializeOnLoadMethodAttributes (31ms)
				AfterProcessingInitializeOnLoad (16ms)
				EditorAssembliesLoaded (0ms)
			ExecutionOrderSort2 (0ms)
			AwakeInstancesAfterBackupRestoration (19ms)
Platform modules already initialized, skipping
Refreshing native plugins compatible for Editor in 1.61 ms, found 2 plugins.
Preloading 0 native plugins for Editor in 0.00 ms.
Unloading 1992 Unused Serialized files (Serialized files now loaded: 0)
System memory in use before: 106.4 MB.
System memory in use after: 106.5 MB.

Unloading 17 unused Assets to reduce memory usage. Loaded Objects now: 2501.
Total: 10.398000 ms (FindLiveObjects: 0.290200 ms CreateObjectMapping: 0.159400 ms MarkObjects: 9.884900 ms  DeleteObjects: 0.060400 ms)

AssetImportParameters requested are different than current active one (requested -> active):
  custom:framework-win-MediaFoundation: 216162199b28c13a410421893ffa2e32 -> 
  custom:video-decoder-ogg-theora: a1e56fd34408186e4bbccfd4996cb3dc -> 
  custom:container-muxer-webm: aa71ff27fc2769a1b78a27578f13a17b -> 
  custom:container-demuxer-webm: 4f35f7cbe854078d1ac9338744f61a02 -> 
  custom:container-demuxer-ogg: 62fdf1f143b41e24485cea50d1cbac27 -> 
  custom:video-encoder-webm-vp8: eb34c28f22e8b96e1ab97ce403110664 -> 
  custom:video-decoder-webm-vp8: 9c59270c3fd7afecdb556c50c9e8de78 -> 
  custom:audio-decoder-ogg-vorbis: bf7c407c2cedff20999df2af8eb42d56 -> 
  custom:audio-encoder-webm-vorbis: bf7c407c2cedff20999df2af8eb42d56 -> 
========================================================================
Received Prepare
Registering precompiled user dll's ...
Registered in 0.012312 seconds.
Begin MonoManager ReloadAssembly
Native extension for WindowsStandalone target not found
Native extension for WebGL target not found
Refreshing native plugins compatible for Editor in 1.03 ms, found 2 plugins.
Preloading 0 native plugins for Editor in 0.00 ms.
Mono: successfully reloaded assembly
- Completed reload, in  3.291 seconds
Domain Reload Profiling:
	ReloadAssembly (3292ms)
		BeginReloadAssembly (366ms)
			ExecutionOrderSort (0ms)
			DisableScriptedObjects (23ms)
			BackupInstance (0ms)
			ReleaseScriptingObjects (0ms)
			CreateAndSetChildDomain (126ms)
		EndReloadAssembly (2737ms)
			LoadAssemblies (260ms)
			RebuildTransferFunctionScriptingTraits (0ms)
			SetupTypeCache (899ms)
			ReleaseScriptCaches (2ms)
			RebuildScriptCaches (125ms)
			SetupLoadedEditorAssemblies (1191ms)
				LogAssemblyErrors (0ms)
				InitializePlatformSupportModulesInManaged (14ms)
				SetLoadedEditorAssemblies (2ms)
				RefreshPlugins (1ms)
				BeforeProcessingInitializeOnLoad (234ms)
				ProcessInitializeOnLoadAttributes (893ms)
				ProcessInitializeOnLoadMethodAttributes (29ms)
				AfterProcessingInitializeOnLoad (17ms)
				EditorAssembliesLoaded (0ms)
			ExecutionOrderSort2 (0ms)
			AwakeInstancesAfterBackupRestoration (23ms)
Platform modules already initialized, skipping
Refreshing native plugins compatible for Editor in 1.51 ms, found 2 plugins.
Preloading 0 native plugins for Editor in 0.00 ms.
Unloading 1992 Unused Serialized files (Serialized files now loaded: 0)
System memory in use before: 106.4 MB.
System memory in use after: 106.5 MB.

Unloading 17 unused Assets to reduce memory usage. Loaded Objects now: 2503.
Total: 12.421600 ms (FindLiveObjects: 0.329800 ms CreateObjectMapping: 0.161900 ms MarkObjects: 11.847000 ms  DeleteObjects: 0.079600 ms)

AssetImportParameters requested are different than current active one (requested -> active):
  custom:framework-win-MediaFoundation: 216162199b28c13a410421893ffa2e32 -> 
  custom:video-decoder-ogg-theora: a1e56fd34408186e4bbccfd4996cb3dc -> 
  custom:container-muxer-webm: aa71ff27fc2769a1b78a27578f13a17b -> 
  custom:container-demuxer-webm: 4f35f7cbe854078d1ac9338744f61a02 -> 
  custom:container-demuxer-ogg: 62fdf1f143b41e24485cea50d1cbac27 -> 
  custom:video-encoder-webm-vp8: eb34c28f22e8b96e1ab97ce403110664 -> 
  custom:video-decoder-webm-vp8: 9c59270c3fd7afecdb556c50c9e8de78 -> 
  custom:audio-decoder-ogg-vorbis: bf7c407c2cedff20999df2af8eb42d56 -> 
  custom:audio-encoder-webm-vorbis: bf7c407c2cedff20999df2af8eb42d56 -> 
========================================================================
Received Import Request.
  Time since last request: 69.176056 seconds.
  path: Assets/StarterAssets/fatihokan_character.fbx
  artifactKey: Guid(e845eee72c5f3b14f9ebf8699215814b) Importer(815301076,1909f56bfc062723c751e8b465ee728b)
Start importing Assets/StarterAssets/fatihokan_character.fbx using Guid(e845eee72c5f3b14f9ebf8699215814b) Importer(815301076,1909f56bfc062723c751e8b465ee728b)  -> (artifact id: 'c7400967da0f947ec3525613ae1a2f4c') in 0.389354 seconds 
  Import took 0.398898 seconds .

========================================================================
Received Prepare
Registering precompiled user dll's ...
Registered in 0.006258 seconds.
Begin MonoManager ReloadAssembly
Native extension for WindowsStandalone target not found
Native extension for WebGL target not found
Refreshing native plugins compatible for Editor in 0.73 ms, found 2 plugins.
Preloading 0 native plugins for Editor in 0.00 ms.
Mono: successfully reloaded assembly
- Completed reload, in  2.472 seconds
Domain Reload Profiling:
	ReloadAssembly (2473ms)
		BeginReloadAssembly (303ms)
			ExecutionOrderSort (0ms)
			DisableScriptedObjects (12ms)
			BackupInstance (0ms)
			ReleaseScriptingObjects (0ms)
			CreateAndSetChildDomain (75ms)
		EndReloadAssembly (1885ms)
			LoadAssemblies (286ms)
			RebuildTransferFunctionScriptingTraits (0ms)
			SetupTypeCache (732ms)
			ReleaseScriptCaches (1ms)
			RebuildScriptCaches (72ms)
			SetupLoadedEditorAssemblies (662ms)
				LogAssemblyErrors (0ms)
				InitializePlatformSupportModulesInManaged (11ms)
				SetLoadedEditorAssemblies (1ms)
				RefreshPlugins (1ms)
				BeforeProcessingInitializeOnLoad (150ms)
				ProcessInitializeOnLoadAttributes (459ms)
				ProcessInitializeOnLoadMethodAttributes (25ms)
				AfterProcessingInitializeOnLoad (14ms)
				EditorAssembliesLoaded (1ms)
			ExecutionOrderSort2 (0ms)
			AwakeInstancesAfterBackupRestoration (12ms)
Platform modules already initialized, skipping
Refreshing native plugins compatible for Editor in 1.90 ms, found 2 plugins.
Preloading 0 native plugins for Editor in 0.00 ms.
Unloading 1992 Unused Serialized files (Serialized files now loaded: 0)
System memory in use before: 106.4 MB.
System memory in use after: 106.5 MB.

Unloading 17 unused Assets to reduce memory usage. Loaded Objects now: 2506.
Total: 9.009100 ms (FindLiveObjects: 0.342600 ms CreateObjectMapping: 0.212100 ms MarkObjects: 8.393900 ms  DeleteObjects: 0.051900 ms)

AssetImportParameters requested are different than current active one (requested -> active):
  custom:framework-win-MediaFoundation: 216162199b28c13a410421893ffa2e32 -> 
  custom:video-decoder-ogg-theora: a1e56fd34408186e4bbccfd4996cb3dc -> 
  custom:container-muxer-webm: aa71ff27fc2769a1b78a27578f13a17b -> 
  custom:container-demuxer-webm: 4f35f7cbe854078d1ac9338744f61a02 -> 
  custom:container-demuxer-ogg: 62fdf1f143b41e24485cea50d1cbac27 -> 
  custom:video-encoder-webm-vp8: eb34c28f22e8b96e1ab97ce403110664 -> 
  custom:video-decoder-webm-vp8: 9c59270c3fd7afecdb556c50c9e8de78 -> 
  custom:audio-decoder-ogg-vorbis: bf7c407c2cedff20999df2af8eb42d56 -> 
  custom:audio-encoder-webm-vorbis: bf7c407c2cedff20999df2af8eb42d56 -> 
AssetImportWorkerClient::OnTransportError - code=2 error=End of file
